2017-03-18 23:06:55,251 ERROR o.a.j.l.DirectJDKLog [main] Unable to create initial connections of pool.
com.mysql.jdbc.exceptions.jdbc4.CommunicationsException: Communications link failure

The last packet sent successfully to the server was 0 milliseconds ago. The driver has not received any packets from the server.
	at sun.reflect.NativeConstructorAccessorImpl.newInstance0(Native Method) ~[?:1.7.0_45]
	at sun.reflect.NativeConstructorAccessorImpl.newInstance(NativeConstructorAccessorImpl.java:57) ~[?:1.7.0_45]
	at sun.reflect.DelegatingConstructorAccessorImpl.newInstance(DelegatingConstructorAccessorImpl.java:45) ~[?:1.7.0_45]
	at java.lang.reflect.Constructor.newInstance(Constructor.java:526) ~[?:1.7.0_45]
	at com.mysql.jdbc.Util.handleNewInstance(Util.java:411) ~[mysql-connector-java-5.1.21.jar:?]
	at com.mysql.jdbc.SQLError.createCommunicationsException(SQLError.java:1117) ~[mysql-connector-java-5.1.21.jar:?]
	at com.mysql.jdbc.MysqlIO.<init>(MysqlIO.java:350) ~[mysql-connector-java-5.1.21.jar:?]
	at com.mysql.jdbc.ConnectionImpl.coreConnect(ConnectionImpl.java:2393) ~[mysql-connector-java-5.1.21.jar:?]
	at com.mysql.jdbc.ConnectionImpl.connectOneTryOnly(ConnectionImpl.java:2430) ~[mysql-connector-java-5.1.21.jar:?]
	at com.mysql.jdbc.ConnectionImpl.createNewIO(ConnectionImpl.java:2215) ~[mysql-connector-java-5.1.21.jar:?]
	at com.mysql.jdbc.ConnectionImpl.<init>(ConnectionImpl.java:813) ~[mysql-connector-java-5.1.21.jar:?]
	at com.mysql.jdbc.JDBC4Connection.<init>(JDBC4Connection.java:47) ~[mysql-connector-java-5.1.21.jar:?]
	at sun.reflect.NativeConstructorAccessorImpl.newInstance0(Native Method) ~[?:1.7.0_45]
	at sun.reflect.NativeConstructorAccessorImpl.newInstance(NativeConstructorAccessorImpl.java:57) ~[?:1.7.0_45]
	at sun.reflect.DelegatingConstructorAccessorImpl.newInstance(DelegatingConstructorAccessorImpl.java:45) ~[?:1.7.0_45]
	at java.lang.reflect.Constructor.newInstance(Constructor.java:526) ~[?:1.7.0_45]
	at com.mysql.jdbc.Util.handleNewInstance(Util.java:411) ~[mysql-connector-java-5.1.21.jar:?]
	at com.mysql.jdbc.ConnectionImpl.getInstance(ConnectionImpl.java:399) ~[mysql-connector-java-5.1.21.jar:?]
	at com.mysql.jdbc.NonRegisteringDriver.connect(NonRegisteringDriver.java:334) ~[mysql-connector-java-5.1.21.jar:?]
	at org.apache.tomcat.jdbc.pool.PooledConnection.connectUsingDriver(PooledConnection.java:310) ~[tomcat-jdbc-8.5.11.jar:?]
	at org.apache.tomcat.jdbc.pool.PooledConnection.connect(PooledConnection.java:203) ~[tomcat-jdbc-8.5.11.jar:?]
	at org.apache.tomcat.jdbc.pool.ConnectionPool.createConnection(ConnectionPool.java:732) ~[tomcat-jdbc-8.5.11.jar:?]
	at org.apache.tomcat.jdbc.pool.ConnectionPool.borrowConnection(ConnectionPool.java:664) ~[tomcat-jdbc-8.5.11.jar:?]
	at org.apache.tomcat.jdbc.pool.ConnectionPool.init(ConnectionPool.java:479) [tomcat-jdbc-8.5.11.jar:?]
	at org.apache.tomcat.jdbc.pool.ConnectionPool.<init>(ConnectionPool.java:154) [tomcat-jdbc-8.5.11.jar:?]
	at org.apache.tomcat.jdbc.pool.DataSourceProxy.pCreatePool(DataSourceProxy.java:118) [tomcat-jdbc-8.5.11.jar:?]
	at org.apache.tomcat.jdbc.pool.DataSourceProxy.createPool(DataSourceProxy.java:107) [tomcat-jdbc-8.5.11.jar:?]
	at org.apache.tomcat.jdbc.pool.DataSourceProxy.getConnection(DataSourceProxy.java:131) [tomcat-jdbc-8.5.11.jar:?]
	at org.springframework.jdbc.datasource.DataSourceUtils.doGetConnection(DataSourceUtils.java:111) [spring-jdbc-4.3.7.RELEASE.jar:4.3.7.RELEASE]
	at org.springframework.jdbc.datasource.DataSourceUtils.getConnection(DataSourceUtils.java:77) [spring-jdbc-4.3.7.RELEASE.jar:4.3.7.RELEASE]
	at org.springframework.jdbc.support.JdbcUtils.extractDatabaseMetaData(JdbcUtils.java:326) [spring-jdbc-4.3.7.RELEASE.jar:4.3.7.RELEASE]
	at org.springframework.jdbc.support.JdbcUtils.extractDatabaseMetaData(JdbcUtils.java:366) [spring-jdbc-4.3.7.RELEASE.jar:4.3.7.RELEASE]
	at org.springframework.boot.autoconfigure.orm.jpa.DatabaseLookup.getDatabase(DatabaseLookup.java:72) [spring-boot-autoconfigure-1.5.2.RELEASE.jar:1.5.2.RELEASE]
	at org.springframework.boot.autoconfigure.orm.jpa.JpaProperties.determineDatabase(JpaProperties.java:139) [spring-boot-autoconfigure-1.5.2.RELEASE.jar:1.5.2.RELEASE]
	at org.springframework.boot.autoconfigure.orm.jpa.JpaBaseConfiguration.jpaVendorAdapter(JpaBaseConfiguration.java:105) [spring-boot-autoconfigure-1.5.2.RELEASE.jar:1.5.2.RELEASE]
	at org.springframework.boot.autoconfigure.orm.jpa.HibernateJpaAutoConfiguration$$EnhancerBySpringCGLIB$$dc804370.CGLIB$jpaVendorAdapter$5(<generated>) [spring-boot-autoconfigure-1.5.2.RELEASE.jar:1.5.2.RELEASE]
	at org.springframework.boot.autoconfigure.orm.jpa.HibernateJpaAutoConfiguration$$EnhancerBySpringCGLIB$$dc804370$$FastClassBySpringCGLIB$$6de9950d.invoke(<generated>) [spring-boot-autoconfigure-1.5.2.RELEASE.jar:1.5.2.RELEASE]
	at org.springframework.cglib.proxy.MethodProxy.invokeSuper(MethodProxy.java:228) [spring-core-4.3.7.RELEASE.jar:4.3.7.RELEASE]
	at org.springframework.context.annotation.ConfigurationClassEnhancer$BeanMethodInterceptor.intercept(ConfigurationClassEnhancer.java:358) [spring-context-4.3.7.RELEASE.jar:4.3.7.RELEASE]
	at org.springframework.boot.autoconfigure.orm.jpa.HibernateJpaAutoConfiguration$$EnhancerBySpringCGLIB$$dc804370.jpaVendorAdapter(<generated>) [spring-boot-autoconfigure-1.5.2.RELEASE.jar:1.5.2.RELEASE]
	at sun.reflect.NativeMethodAccessorImpl.invoke0(Native Method) ~[?:1.7.0_45]
	at sun.reflect.NativeMethodAccessorImpl.invoke(NativeMethodAccessorImpl.java:57) ~[?:1.7.0_45]
	at sun.reflect.DelegatingMethodAccessorImpl.invoke(DelegatingMethodAccessorImpl.java:43) ~[?:1.7.0_45]
	at java.lang.reflect.Method.invoke(Method.java:606) ~[?:1.7.0_45]
	at org.springframework.beans.factory.support.SimpleInstantiationStrategy.instantiate(SimpleInstantiationStrategy.java:162) [spring-beans-4.3.7.RELEASE.jar:4.3.7.RELEASE]
	at org.springframework.beans.factory.support.ConstructorResolver.instantiateUsingFactoryMethod(ConstructorResolver.java:588) [spring-beans-4.3.7.RELEASE.jar:4.3.7.RELEASE]
	at org.springframework.beans.factory.support.AbstractAutowireCapableBeanFactory.instantiateUsingFactoryMethod(AbstractAutowireCapableBeanFactory.java:1173) [spring-beans-4.3.7.RELEASE.jar:4.3.7.RELEASE]
	at org.springframework.beans.factory.support.AbstractAutowireCapableBeanFactory.createBeanInstance(AbstractAutowireCapableBeanFactory.java:1067) [spring-beans-4.3.7.RELEASE.jar:4.3.7.RELEASE]
	at org.springframework.beans.factory.support.AbstractAutowireCapableBeanFactory.doCreateBean(AbstractAutowireCapableBeanFactory.java:513) [spring-beans-4.3.7.RELEASE.jar:4.3.7.RELEASE]
	at org.springframework.beans.factory.support.AbstractAutowireCapableBeanFactory.createBean(AbstractAutowireCapableBeanFactory.java:483) [spring-beans-4.3.7.RELEASE.jar:4.3.7.RELEASE]
	at org.springframework.beans.factory.support.AbstractBeanFactory$1.getObject(AbstractBeanFactory.java:306) [spring-beans-4.3.7.RELEASE.jar:4.3.7.RELEASE]
	at org.springframework.beans.factory.support.DefaultSingletonBeanRegistry.getSingleton(DefaultSingletonBeanRegistry.java:230) [spring-beans-4.3.7.RELEASE.jar:4.3.7.RELEASE]
	at org.springframework.beans.factory.support.AbstractBeanFactory.doGetBean(AbstractBeanFactory.java:302) [spring-beans-4.3.7.RELEASE.jar:4.3.7.RELEASE]
	at org.springframework.beans.factory.support.AbstractBeanFactory.getBean(AbstractBeanFactory.java:202) [spring-beans-4.3.7.RELEASE.jar:4.3.7.RELEASE]
	at org.springframework.beans.factory.config.DependencyDescriptor.resolveCandidate(DependencyDescriptor.java:208) [spring-beans-4.3.7.RELEASE.jar:4.3.7.RELEASE]
	at org.springframework.beans.factory.support.DefaultListableBeanFactory.doResolveDependency(DefaultListableBeanFactory.java:1138) [spring-beans-4.3.7.RELEASE.jar:4.3.7.RELEASE]
	at org.springframework.beans.factory.support.DefaultListableBeanFactory.resolveDependency(DefaultListableBeanFactory.java:1066) [spring-beans-4.3.7.RELEASE.jar:4.3.7.RELEASE]
	at org.springframework.beans.factory.support.ConstructorResolver.resolveAutowiredArgument(ConstructorResolver.java:835) [spring-beans-4.3.7.RELEASE.jar:4.3.7.RELEASE]
	at org.springframework.beans.factory.support.ConstructorResolver.createArgumentArray(ConstructorResolver.java:741) [spring-beans-4.3.7.RELEASE.jar:4.3.7.RELEASE]
	at org.springframework.beans.factory.support.ConstructorResolver.instantiateUsingFactoryMethod(ConstructorResolver.java:467) [spring-beans-4.3.7.RELEASE.jar:4.3.7.RELEASE]
	at org.springframework.beans.factory.support.AbstractAutowireCapableBeanFactory.instantiateUsingFactoryMethod(AbstractAutowireCapableBeanFactory.java:1173) [spring-beans-4.3.7.RELEASE.jar:4.3.7.RELEASE]
	at org.springframework.beans.factory.support.AbstractAutowireCapableBeanFactory.createBeanInstance(AbstractAutowireCapableBeanFactory.java:1067) [spring-beans-4.3.7.RELEASE.jar:4.3.7.RELEASE]
	at org.springframework.beans.factory.support.AbstractAutowireCapableBeanFactory.doCreateBean(AbstractAutowireCapableBeanFactory.java:513) [spring-beans-4.3.7.RELEASE.jar:4.3.7.RELEASE]
	at org.springframework.beans.factory.support.AbstractAutowireCapableBeanFactory.createBean(AbstractAutowireCapableBeanFactory.java:483) [spring-beans-4.3.7.RELEASE.jar:4.3.7.RELEASE]
	at org.springframework.beans.factory.support.AbstractBeanFactory$1.getObject(AbstractBeanFactory.java:306) [spring-beans-4.3.7.RELEASE.jar:4.3.7.RELEASE]
	at org.springframework.beans.factory.support.DefaultSingletonBeanRegistry.getSingleton(DefaultSingletonBeanRegistry.java:230) [spring-beans-4.3.7.RELEASE.jar:4.3.7.RELEASE]
	at org.springframework.beans.factory.support.AbstractBeanFactory.doGetBean(AbstractBeanFactory.java:302) [spring-beans-4.3.7.RELEASE.jar:4.3.7.RELEASE]
	at org.springframework.beans.factory.support.AbstractBeanFactory.getBean(AbstractBeanFactory.java:202) [spring-beans-4.3.7.RELEASE.jar:4.3.7.RELEASE]
	at org.springframework.beans.factory.config.DependencyDescriptor.resolveCandidate(DependencyDescriptor.java:208) [spring-beans-4.3.7.RELEASE.jar:4.3.7.RELEASE]
	at org.springframework.beans.factory.support.DefaultListableBeanFactory.doResolveDependency(DefaultListableBeanFactory.java:1138) [spring-beans-4.3.7.RELEASE.jar:4.3.7.RELEASE]
	at org.springframework.beans.factory.support.DefaultListableBeanFactory.resolveDependency(DefaultListableBeanFactory.java:1066) [spring-beans-4.3.7.RELEASE.jar:4.3.7.RELEASE]
	at org.springframework.beans.factory.support.ConstructorResolver.resolveAutowiredArgument(ConstructorResolver.java:835) [spring-beans-4.3.7.RELEASE.jar:4.3.7.RELEASE]
	at org.springframework.beans.factory.support.ConstructorResolver.createArgumentArray(ConstructorResolver.java:741) [spring-beans-4.3.7.RELEASE.jar:4.3.7.RELEASE]
	at org.springframework.beans.factory.support.ConstructorResolver.instantiateUsingFactoryMethod(ConstructorResolver.java:467) [spring-beans-4.3.7.RELEASE.jar:4.3.7.RELEASE]
	at org.springframework.beans.factory.support.AbstractAutowireCapableBeanFactory.instantiateUsingFactoryMethod(AbstractAutowireCapableBeanFactory.java:1173) [spring-beans-4.3.7.RELEASE.jar:4.3.7.RELEASE]
	at org.springframework.beans.factory.support.AbstractAutowireCapableBeanFactory.createBeanInstance(AbstractAutowireCapableBeanFactory.java:1067) [spring-beans-4.3.7.RELEASE.jar:4.3.7.RELEASE]
	at org.springframework.beans.factory.support.AbstractAutowireCapableBeanFactory.doCreateBean(AbstractAutowireCapableBeanFactory.java:513) [spring-beans-4.3.7.RELEASE.jar:4.3.7.RELEASE]
	at org.springframework.beans.factory.support.AbstractAutowireCapableBeanFactory.createBean(AbstractAutowireCapableBeanFactory.java:483) [spring-beans-4.3.7.RELEASE.jar:4.3.7.RELEASE]
	at org.springframework.beans.factory.support.AbstractBeanFactory$1.getObject(AbstractBeanFactory.java:306) [spring-beans-4.3.7.RELEASE.jar:4.3.7.RELEASE]
	at org.springframework.beans.factory.support.DefaultSingletonBeanRegistry.getSingleton(DefaultSingletonBeanRegistry.java:230) [spring-beans-4.3.7.RELEASE.jar:4.3.7.RELEASE]
	at org.springframework.beans.factory.support.AbstractBeanFactory.doGetBean(AbstractBeanFactory.java:302) [spring-beans-4.3.7.RELEASE.jar:4.3.7.RELEASE]
	at org.springframework.beans.factory.support.AbstractBeanFactory.getBean(AbstractBeanFactory.java:197) [spring-beans-4.3.7.RELEASE.jar:4.3.7.RELEASE]
	at org.springframework.context.support.AbstractApplicationContext.getBean(AbstractApplicationContext.java:1081) [spring-context-4.3.7.RELEASE.jar:4.3.7.RELEASE]
	at org.springframework.context.support.AbstractApplicationContext.finishBeanFactoryInitialization(AbstractApplicationContext.java:856) [spring-context-4.3.7.RELEASE.jar:4.3.7.RELEASE]
	at org.springframework.context.support.AbstractApplicationContext.refresh(AbstractApplicationContext.java:542) [spring-context-4.3.7.RELEASE.jar:4.3.7.RELEASE]
	at org.springframework.boot.SpringApplication.refresh(SpringApplication.java:737) [spring-boot-1.5.2.RELEASE.jar:1.5.2.RELEASE]
	at org.springframework.boot.SpringApplication.refreshContext(SpringApplication.java:370) [spring-boot-1.5.2.RELEASE.jar:1.5.2.RELEASE]
	at org.springframework.boot.SpringApplication.run(SpringApplication.java:314) [spring-boot-1.5.2.RELEASE.jar:1.5.2.RELEASE]
	at org.springframework.boot.test.context.SpringBootContextLoader.loadContext(SpringBootContextLoader.java:120) [spring-boot-test-1.5.2.RELEASE.jar:1.5.2.RELEASE]
	at org.springframework.test.context.cache.DefaultCacheAwareContextLoaderDelegate.loadContextInternal(DefaultCacheAwareContextLoaderDelegate.java:98) [spring-test-4.3.7.RELEASE.jar:4.3.7.RELEASE]
	at org.springframework.test.context.cache.DefaultCacheAwareContextLoaderDelegate.loadContext(DefaultCacheAwareContextLoaderDelegate.java:116) [spring-test-4.3.7.RELEASE.jar:4.3.7.RELEASE]
	at org.springframework.test.context.support.DefaultTestContext.getApplicationContext(DefaultTestContext.java:83) [spring-test-4.3.7.RELEASE.jar:4.3.7.RELEASE]
	at org.springframework.test.context.web.ServletTestExecutionListener.setUpRequestContextIfNecessary(ServletTestExecutionListener.java:189) [spring-test-4.3.7.RELEASE.jar:4.3.7.RELEASE]
	at org.springframework.test.context.web.ServletTestExecutionListener.prepareTestInstance(ServletTestExecutionListener.java:131) [spring-test-4.3.7.RELEASE.jar:4.3.7.RELEASE]
	at org.springframework.test.context.TestContextManager.prepareTestInstance(TestContextManager.java:230) [spring-test-4.3.7.RELEASE.jar:4.3.7.RELEASE]
	at org.springframework.test.context.junit4.SpringJUnit4ClassRunner.createTest(SpringJUnit4ClassRunner.java:228) [spring-test-4.3.7.RELEASE.jar:4.3.7.RELEASE]
	at org.springframework.test.context.junit4.SpringJUnit4ClassRunner$1.runReflectiveCall(SpringJUnit4ClassRunner.java:287) [spring-test-4.3.7.RELEASE.jar:4.3.7.RELEASE]
	at org.junit.internal.runners.model.ReflectiveCallable.run(ReflectiveCallable.java:12) [junit-4.12.jar:4.12]
	at org.springframework.test.context.junit4.SpringJUnit4ClassRunner.methodBlock(SpringJUnit4ClassRunner.java:289) [spring-test-4.3.7.RELEASE.jar:4.3.7.RELEASE]
	at org.springframework.test.context.junit4.SpringJUnit4ClassRunner.runChild(SpringJUnit4ClassRunner.java:247) [spring-test-4.3.7.RELEASE.jar:4.3.7.RELEASE]
	at org.springframework.test.context.junit4.SpringJUnit4ClassRunner.runChild(SpringJUnit4ClassRunner.java:94) [spring-test-4.3.7.RELEASE.jar:4.3.7.RELEASE]
	at org.junit.runners.ParentRunner$3.run(ParentRunner.java:290) [junit-4.12.jar:4.12]
	at org.junit.runners.ParentRunner$1.schedule(ParentRunner.java:71) [junit-4.12.jar:4.12]
	at org.junit.runners.ParentRunner.runChildren(ParentRunner.java:288) [junit-4.12.jar:4.12]
	at org.junit.runners.ParentRunner.access$000(ParentRunner.java:58) [junit-4.12.jar:4.12]
	at org.junit.runners.ParentRunner$2.evaluate(ParentRunner.java:268) [junit-4.12.jar:4.12]
	at org.springframework.test.context.junit4.statements.RunBeforeTestClassCallbacks.evaluate(RunBeforeTestClassCallbacks.java:61) [spring-test-4.3.7.RELEASE.jar:4.3.7.RELEASE]
	at org.springframework.test.context.junit4.statements.RunAfterTestClassCallbacks.evaluate(RunAfterTestClassCallbacks.java:70) [spring-test-4.3.7.RELEASE.jar:4.3.7.RELEASE]
	at org.junit.runners.ParentRunner.run(ParentRunner.java:363) [junit-4.12.jar:4.12]
	at org.springframework.test.context.junit4.SpringJUnit4ClassRunner.run(SpringJUnit4ClassRunner.java:191) [spring-test-4.3.7.RELEASE.jar:4.3.7.RELEASE]
	at org.junit.runner.JUnitCore.run(JUnitCore.java:137) [junit-4.12.jar:4.12]
	at com.intellij.junit4.JUnit4IdeaTestRunner.startRunnerWithArgs(JUnit4IdeaTestRunner.java:68) [junit-rt.jar:?]
	at com.intellij.rt.execution.junit.IdeaTestRunner$Repeater.startRunnerWithArgs(IdeaTestRunner.java:51) [junit-rt.jar:?]
	at com.intellij.rt.execution.junit.JUnitStarter.prepareStreamsAndStart(JUnitStarter.java:237) [junit-rt.jar:?]
	at com.intellij.rt.execution.junit.JUnitStarter.main(JUnitStarter.java:70) [junit-rt.jar:?]
	at sun.reflect.NativeMethodAccessorImpl.invoke0(Native Method) ~[?:1.7.0_45]
	at sun.reflect.NativeMethodAccessorImpl.invoke(NativeMethodAccessorImpl.java:57) ~[?:1.7.0_45]
	at sun.reflect.DelegatingMethodAccessorImpl.invoke(DelegatingMethodAccessorImpl.java:43) ~[?:1.7.0_45]
	at java.lang.reflect.Method.invoke(Method.java:606) ~[?:1.7.0_45]
	at com.intellij.rt.execution.application.AppMain.main(AppMain.java:147) [idea_rt.jar:?]
Caused by: java.net.ConnectException: Connection refused: connect
	at java.net.DualStackPlainSocketImpl.connect0(Native Method) ~[?:1.7.0_45]
	at java.net.DualStackPlainSocketImpl.socketConnect(DualStackPlainSocketImpl.java:79) ~[?:1.7.0_45]
	at java.net.AbstractPlainSocketImpl.doConnect(AbstractPlainSocketImpl.java:339) ~[?:1.7.0_45]
	at java.net.AbstractPlainSocketImpl.connectToAddress(AbstractPlainSocketImpl.java:200) ~[?:1.7.0_45]
	at java.net.AbstractPlainSocketImpl.connect(AbstractPlainSocketImpl.java:182) ~[?:1.7.0_45]
	at java.net.PlainSocketImpl.connect(PlainSocketImpl.java:172) ~[?:1.7.0_45]
	at java.net.SocksSocketImpl.connect(SocksSocketImpl.java:392) ~[?:1.7.0_45]
	at java.net.Socket.connect(Socket.java:579) ~[?:1.7.0_45]
	at java.net.Socket.connect(Socket.java:528) ~[?:1.7.0_45]
	at java.net.Socket.<init>(Socket.java:425) ~[?:1.7.0_45]
	at java.net.Socket.<init>(Socket.java:241) ~[?:1.7.0_45]
	at com.mysql.jdbc.StandardSocketFactory.connect(StandardSocketFactory.java:257) ~[mysql-connector-java-5.1.21.jar:?]
	at com.mysql.jdbc.MysqlIO.<init>(MysqlIO.java:300) ~[mysql-connector-java-5.1.21.jar:?]
	... 113 more
2017-03-18 23:06:57,639 ERROR o.a.j.l.DirectJDKLog [main] Unable to create initial connections of pool.
com.mysql.jdbc.exceptions.jdbc4.CommunicationsException: Communications link failure

The last packet sent successfully to the server was 0 milliseconds ago. The driver has not received any packets from the server.
	at sun.reflect.NativeConstructorAccessorImpl.newInstance0(Native Method) ~[?:1.7.0_45]
	at sun.reflect.NativeConstructorAccessorImpl.newInstance(NativeConstructorAccessorImpl.java:57) ~[?:1.7.0_45]
	at sun.reflect.DelegatingConstructorAccessorImpl.newInstance(DelegatingConstructorAccessorImpl.java:45) ~[?:1.7.0_45]
	at java.lang.reflect.Constructor.newInstance(Constructor.java:526) ~[?:1.7.0_45]
	at com.mysql.jdbc.Util.handleNewInstance(Util.java:411) ~[mysql-connector-java-5.1.21.jar:?]
	at com.mysql.jdbc.SQLError.createCommunicationsException(SQLError.java:1117) ~[mysql-connector-java-5.1.21.jar:?]
	at com.mysql.jdbc.MysqlIO.<init>(MysqlIO.java:350) ~[mysql-connector-java-5.1.21.jar:?]
	at com.mysql.jdbc.ConnectionImpl.coreConnect(ConnectionImpl.java:2393) ~[mysql-connector-java-5.1.21.jar:?]
	at com.mysql.jdbc.ConnectionImpl.connectOneTryOnly(ConnectionImpl.java:2430) ~[mysql-connector-java-5.1.21.jar:?]
	at com.mysql.jdbc.ConnectionImpl.createNewIO(ConnectionImpl.java:2215) ~[mysql-connector-java-5.1.21.jar:?]
	at com.mysql.jdbc.ConnectionImpl.<init>(ConnectionImpl.java:813) ~[mysql-connector-java-5.1.21.jar:?]
	at com.mysql.jdbc.JDBC4Connection.<init>(JDBC4Connection.java:47) ~[mysql-connector-java-5.1.21.jar:?]
	at sun.reflect.NativeConstructorAccessorImpl.newInstance0(Native Method) ~[?:1.7.0_45]
	at sun.reflect.NativeConstructorAccessorImpl.newInstance(NativeConstructorAccessorImpl.java:57) ~[?:1.7.0_45]
	at sun.reflect.DelegatingConstructorAccessorImpl.newInstance(DelegatingConstructorAccessorImpl.java:45) ~[?:1.7.0_45]
	at java.lang.reflect.Constructor.newInstance(Constructor.java:526) ~[?:1.7.0_45]
	at com.mysql.jdbc.Util.handleNewInstance(Util.java:411) ~[mysql-connector-java-5.1.21.jar:?]
	at com.mysql.jdbc.ConnectionImpl.getInstance(ConnectionImpl.java:399) ~[mysql-connector-java-5.1.21.jar:?]
	at com.mysql.jdbc.NonRegisteringDriver.connect(NonRegisteringDriver.java:334) ~[mysql-connector-java-5.1.21.jar:?]
	at org.apache.tomcat.jdbc.pool.PooledConnection.connectUsingDriver(PooledConnection.java:310) ~[tomcat-jdbc-8.5.11.jar:?]
	at org.apache.tomcat.jdbc.pool.PooledConnection.connect(PooledConnection.java:203) ~[tomcat-jdbc-8.5.11.jar:?]
	at org.apache.tomcat.jdbc.pool.ConnectionPool.createConnection(ConnectionPool.java:732) ~[tomcat-jdbc-8.5.11.jar:?]
	at org.apache.tomcat.jdbc.pool.ConnectionPool.borrowConnection(ConnectionPool.java:664) ~[tomcat-jdbc-8.5.11.jar:?]
	at org.apache.tomcat.jdbc.pool.ConnectionPool.init(ConnectionPool.java:479) [tomcat-jdbc-8.5.11.jar:?]
	at org.apache.tomcat.jdbc.pool.ConnectionPool.<init>(ConnectionPool.java:154) [tomcat-jdbc-8.5.11.jar:?]
	at org.apache.tomcat.jdbc.pool.DataSourceProxy.pCreatePool(DataSourceProxy.java:118) [tomcat-jdbc-8.5.11.jar:?]
	at org.apache.tomcat.jdbc.pool.DataSourceProxy.createPool(DataSourceProxy.java:107) [tomcat-jdbc-8.5.11.jar:?]
	at org.apache.tomcat.jdbc.pool.DataSourceProxy.getConnection(DataSourceProxy.java:131) [tomcat-jdbc-8.5.11.jar:?]
	at org.springframework.jdbc.datasource.DataSourceUtils.doGetConnection(DataSourceUtils.java:111) [spring-jdbc-4.3.7.RELEASE.jar:4.3.7.RELEASE]
	at org.springframework.jdbc.datasource.DataSourceUtils.getConnection(DataSourceUtils.java:77) [spring-jdbc-4.3.7.RELEASE.jar:4.3.7.RELEASE]
	at org.springframework.jdbc.core.JdbcTemplate.execute(JdbcTemplate.java:342) [spring-jdbc-4.3.7.RELEASE.jar:4.3.7.RELEASE]
	at org.springframework.boot.autoconfigure.jdbc.EmbeddedDatabaseConnection.isEmbedded(EmbeddedDatabaseConnection.java:137) [spring-boot-autoconfigure-1.5.2.RELEASE.jar:1.5.2.RELEASE]
	at org.springframework.boot.autoconfigure.orm.jpa.JpaProperties$Hibernate.getDefaultDdlAuto(JpaProperties.java:226) [spring-boot-autoconfigure-1.5.2.RELEASE.jar:1.5.2.RELEASE]
	at org.springframework.boot.autoconfigure.orm.jpa.JpaProperties$Hibernate.getOrDeduceDdlAuto(JpaProperties.java:214) [spring-boot-autoconfigure-1.5.2.RELEASE.jar:1.5.2.RELEASE]
	at org.springframework.boot.autoconfigure.orm.jpa.JpaProperties$Hibernate.getAdditionalProperties(JpaProperties.java:190) [spring-boot-autoconfigure-1.5.2.RELEASE.jar:1.5.2.RELEASE]
	at org.springframework.boot.autoconfigure.orm.jpa.JpaProperties$Hibernate.access$000(JpaProperties.java:142) [spring-boot-autoconfigure-1.5.2.RELEASE.jar:1.5.2.RELEASE]
	at org.springframework.boot.autoconfigure.orm.jpa.JpaProperties.getHibernateProperties(JpaProperties.java:126) [spring-boot-autoconfigure-1.5.2.RELEASE.jar:1.5.2.RELEASE]
	at org.springframework.boot.autoconfigure.orm.jpa.HibernateJpaAutoConfiguration.getVendorProperties(HibernateJpaAutoConfiguration.java:106) [spring-boot-autoconfigure-1.5.2.RELEASE.jar:1.5.2.RELEASE]
	at org.springframework.boot.autoconfigure.orm.jpa.JpaBaseConfiguration.entityManagerFactory(JpaBaseConfiguration.java:129) [spring-boot-autoconfigure-1.5.2.RELEASE.jar:1.5.2.RELEASE]
	at org.springframework.boot.autoconfigure.orm.jpa.HibernateJpaAutoConfiguration$$EnhancerBySpringCGLIB$$dc804370.CGLIB$entityManagerFactory$6(<generated>) [spring-boot-autoconfigure-1.5.2.RELEASE.jar:1.5.2.RELEASE]
	at org.springframework.boot.autoconfigure.orm.jpa.HibernateJpaAutoConfiguration$$EnhancerBySpringCGLIB$$dc804370$$FastClassBySpringCGLIB$$6de9950d.invoke(<generated>) [spring-boot-autoconfigure-1.5.2.RELEASE.jar:1.5.2.RELEASE]
	at org.springframework.cglib.proxy.MethodProxy.invokeSuper(MethodProxy.java:228) [spring-core-4.3.7.RELEASE.jar:4.3.7.RELEASE]
	at org.springframework.context.annotation.ConfigurationClassEnhancer$BeanMethodInterceptor.intercept(ConfigurationClassEnhancer.java:358) [spring-context-4.3.7.RELEASE.jar:4.3.7.RELEASE]
	at org.springframework.boot.autoconfigure.orm.jpa.HibernateJpaAutoConfiguration$$EnhancerBySpringCGLIB$$dc804370.entityManagerFactory(<generated>) [spring-boot-autoconfigure-1.5.2.RELEASE.jar:1.5.2.RELEASE]
	at sun.reflect.NativeMethodAccessorImpl.invoke0(Native Method) ~[?:1.7.0_45]
	at sun.reflect.NativeMethodAccessorImpl.invoke(NativeMethodAccessorImpl.java:57) ~[?:1.7.0_45]
	at sun.reflect.DelegatingMethodAccessorImpl.invoke(DelegatingMethodAccessorImpl.java:43) ~[?:1.7.0_45]
	at java.lang.reflect.Method.invoke(Method.java:606) ~[?:1.7.0_45]
	at org.springframework.beans.factory.support.SimpleInstantiationStrategy.instantiate(SimpleInstantiationStrategy.java:162) [spring-beans-4.3.7.RELEASE.jar:4.3.7.RELEASE]
	at org.springframework.beans.factory.support.ConstructorResolver.instantiateUsingFactoryMethod(ConstructorResolver.java:588) [spring-beans-4.3.7.RELEASE.jar:4.3.7.RELEASE]
	at org.springframework.beans.factory.support.AbstractAutowireCapableBeanFactory.instantiateUsingFactoryMethod(AbstractAutowireCapableBeanFactory.java:1173) [spring-beans-4.3.7.RELEASE.jar:4.3.7.RELEASE]
	at org.springframework.beans.factory.support.AbstractAutowireCapableBeanFactory.createBeanInstance(AbstractAutowireCapableBeanFactory.java:1067) [spring-beans-4.3.7.RELEASE.jar:4.3.7.RELEASE]
	at org.springframework.beans.factory.support.AbstractAutowireCapableBeanFactory.doCreateBean(AbstractAutowireCapableBeanFactory.java:513) [spring-beans-4.3.7.RELEASE.jar:4.3.7.RELEASE]
	at org.springframework.beans.factory.support.AbstractAutowireCapableBeanFactory.createBean(AbstractAutowireCapableBeanFactory.java:483) [spring-beans-4.3.7.RELEASE.jar:4.3.7.RELEASE]
	at org.springframework.beans.factory.support.AbstractBeanFactory$1.getObject(AbstractBeanFactory.java:306) [spring-beans-4.3.7.RELEASE.jar:4.3.7.RELEASE]
	at org.springframework.beans.factory.support.DefaultSingletonBeanRegistry.getSingleton(DefaultSingletonBeanRegistry.java:230) [spring-beans-4.3.7.RELEASE.jar:4.3.7.RELEASE]
	at org.springframework.beans.factory.support.AbstractBeanFactory.doGetBean(AbstractBeanFactory.java:302) [spring-beans-4.3.7.RELEASE.jar:4.3.7.RELEASE]
	at org.springframework.beans.factory.support.AbstractBeanFactory.getBean(AbstractBeanFactory.java:197) [spring-beans-4.3.7.RELEASE.jar:4.3.7.RELEASE]
	at org.springframework.context.support.AbstractApplicationContext.getBean(AbstractApplicationContext.java:1081) [spring-context-4.3.7.RELEASE.jar:4.3.7.RELEASE]
	at org.springframework.context.support.AbstractApplicationContext.finishBeanFactoryInitialization(AbstractApplicationContext.java:856) [spring-context-4.3.7.RELEASE.jar:4.3.7.RELEASE]
	at org.springframework.context.support.AbstractApplicationContext.refresh(AbstractApplicationContext.java:542) [spring-context-4.3.7.RELEASE.jar:4.3.7.RELEASE]
	at org.springframework.boot.SpringApplication.refresh(SpringApplication.java:737) [spring-boot-1.5.2.RELEASE.jar:1.5.2.RELEASE]
	at org.springframework.boot.SpringApplication.refreshContext(SpringApplication.java:370) [spring-boot-1.5.2.RELEASE.jar:1.5.2.RELEASE]
	at org.springframework.boot.SpringApplication.run(SpringApplication.java:314) [spring-boot-1.5.2.RELEASE.jar:1.5.2.RELEASE]
	at org.springframework.boot.test.context.SpringBootContextLoader.loadContext(SpringBootContextLoader.java:120) [spring-boot-test-1.5.2.RELEASE.jar:1.5.2.RELEASE]
	at org.springframework.test.context.cache.DefaultCacheAwareContextLoaderDelegate.loadContextInternal(DefaultCacheAwareContextLoaderDelegate.java:98) [spring-test-4.3.7.RELEASE.jar:4.3.7.RELEASE]
	at org.springframework.test.context.cache.DefaultCacheAwareContextLoaderDelegate.loadContext(DefaultCacheAwareContextLoaderDelegate.java:116) [spring-test-4.3.7.RELEASE.jar:4.3.7.RELEASE]
	at org.springframework.test.context.support.DefaultTestContext.getApplicationContext(DefaultTestContext.java:83) [spring-test-4.3.7.RELEASE.jar:4.3.7.RELEASE]
	at org.springframework.test.context.web.ServletTestExecutionListener.setUpRequestContextIfNecessary(ServletTestExecutionListener.java:189) [spring-test-4.3.7.RELEASE.jar:4.3.7.RELEASE]
	at org.springframework.test.context.web.ServletTestExecutionListener.prepareTestInstance(ServletTestExecutionListener.java:131) [spring-test-4.3.7.RELEASE.jar:4.3.7.RELEASE]
	at org.springframework.test.context.TestContextManager.prepareTestInstance(TestContextManager.java:230) [spring-test-4.3.7.RELEASE.jar:4.3.7.RELEASE]
	at org.springframework.test.context.junit4.SpringJUnit4ClassRunner.createTest(SpringJUnit4ClassRunner.java:228) [spring-test-4.3.7.RELEASE.jar:4.3.7.RELEASE]
	at org.springframework.test.context.junit4.SpringJUnit4ClassRunner$1.runReflectiveCall(SpringJUnit4ClassRunner.java:287) [spring-test-4.3.7.RELEASE.jar:4.3.7.RELEASE]
	at org.junit.internal.runners.model.ReflectiveCallable.run(ReflectiveCallable.java:12) [junit-4.12.jar:4.12]
	at org.springframework.test.context.junit4.SpringJUnit4ClassRunner.methodBlock(SpringJUnit4ClassRunner.java:289) [spring-test-4.3.7.RELEASE.jar:4.3.7.RELEASE]
	at org.springframework.test.context.junit4.SpringJUnit4ClassRunner.runChild(SpringJUnit4ClassRunner.java:247) [spring-test-4.3.7.RELEASE.jar:4.3.7.RELEASE]
	at org.springframework.test.context.junit4.SpringJUnit4ClassRunner.runChild(SpringJUnit4ClassRunner.java:94) [spring-test-4.3.7.RELEASE.jar:4.3.7.RELEASE]
	at org.junit.runners.ParentRunner$3.run(ParentRunner.java:290) [junit-4.12.jar:4.12]
	at org.junit.runners.ParentRunner$1.schedule(ParentRunner.java:71) [junit-4.12.jar:4.12]
	at org.junit.runners.ParentRunner.runChildren(ParentRunner.java:288) [junit-4.12.jar:4.12]
	at org.junit.runners.ParentRunner.access$000(ParentRunner.java:58) [junit-4.12.jar:4.12]
	at org.junit.runners.ParentRunner$2.evaluate(ParentRunner.java:268) [junit-4.12.jar:4.12]
	at org.springframework.test.context.junit4.statements.RunBeforeTestClassCallbacks.evaluate(RunBeforeTestClassCallbacks.java:61) [spring-test-4.3.7.RELEASE.jar:4.3.7.RELEASE]
	at org.springframework.test.context.junit4.statements.RunAfterTestClassCallbacks.evaluate(RunAfterTestClassCallbacks.java:70) [spring-test-4.3.7.RELEASE.jar:4.3.7.RELEASE]
	at org.junit.runners.ParentRunner.run(ParentRunner.java:363) [junit-4.12.jar:4.12]
	at org.springframework.test.context.junit4.SpringJUnit4ClassRunner.run(SpringJUnit4ClassRunner.java:191) [spring-test-4.3.7.RELEASE.jar:4.3.7.RELEASE]
	at org.junit.runner.JUnitCore.run(JUnitCore.java:137) [junit-4.12.jar:4.12]
	at com.intellij.junit4.JUnit4IdeaTestRunner.startRunnerWithArgs(JUnit4IdeaTestRunner.java:68) [junit-rt.jar:?]
	at com.intellij.rt.execution.junit.IdeaTestRunner$Repeater.startRunnerWithArgs(IdeaTestRunner.java:51) [junit-rt.jar:?]
	at com.intellij.rt.execution.junit.JUnitStarter.prepareStreamsAndStart(JUnitStarter.java:237) [junit-rt.jar:?]
	at com.intellij.rt.execution.junit.JUnitStarter.main(JUnitStarter.java:70) [junit-rt.jar:?]
	at sun.reflect.NativeMethodAccessorImpl.invoke0(Native Method) ~[?:1.7.0_45]
	at sun.reflect.NativeMethodAccessorImpl.invoke(NativeMethodAccessorImpl.java:57) ~[?:1.7.0_45]
	at sun.reflect.DelegatingMethodAccessorImpl.invoke(DelegatingMethodAccessorImpl.java:43) ~[?:1.7.0_45]
	at java.lang.reflect.Method.invoke(Method.java:606) ~[?:1.7.0_45]
	at com.intellij.rt.execution.application.AppMain.main(AppMain.java:147) [idea_rt.jar:?]
Caused by: java.net.ConnectException: Connection refused: connect
	at java.net.DualStackPlainSocketImpl.connect0(Native Method) ~[?:1.7.0_45]
	at java.net.DualStackPlainSocketImpl.socketConnect(DualStackPlainSocketImpl.java:79) ~[?:1.7.0_45]
	at java.net.AbstractPlainSocketImpl.doConnect(AbstractPlainSocketImpl.java:339) ~[?:1.7.0_45]
	at java.net.AbstractPlainSocketImpl.connectToAddress(AbstractPlainSocketImpl.java:200) ~[?:1.7.0_45]
	at java.net.AbstractPlainSocketImpl.connect(AbstractPlainSocketImpl.java:182) ~[?:1.7.0_45]
	at java.net.PlainSocketImpl.connect(PlainSocketImpl.java:172) ~[?:1.7.0_45]
	at java.net.SocksSocketImpl.connect(SocksSocketImpl.java:392) ~[?:1.7.0_45]
	at java.net.Socket.connect(Socket.java:579) ~[?:1.7.0_45]
	at java.net.Socket.connect(Socket.java:528) ~[?:1.7.0_45]
	at java.net.Socket.<init>(Socket.java:425) ~[?:1.7.0_45]
	at java.net.Socket.<init>(Socket.java:241) ~[?:1.7.0_45]
	at com.mysql.jdbc.StandardSocketFactory.connect(StandardSocketFactory.java:257) ~[mysql-connector-java-5.1.21.jar:?]
	at com.mysql.jdbc.MysqlIO.<init>(MysqlIO.java:300) ~[mysql-connector-java-5.1.21.jar:?]
	... 89 more
2017-03-18 23:07:02,697 ERROR o.a.j.l.DirectJDKLog [main] Unable to create initial connections of pool.
com.mysql.jdbc.exceptions.jdbc4.CommunicationsException: Communications link failure

The last packet sent successfully to the server was 0 milliseconds ago. The driver has not received any packets from the server.
	at sun.reflect.NativeConstructorAccessorImpl.newInstance0(Native Method) ~[?:1.7.0_45]
	at sun.reflect.NativeConstructorAccessorImpl.newInstance(NativeConstructorAccessorImpl.java:57) ~[?:1.7.0_45]
	at sun.reflect.DelegatingConstructorAccessorImpl.newInstance(DelegatingConstructorAccessorImpl.java:45) ~[?:1.7.0_45]
	at java.lang.reflect.Constructor.newInstance(Constructor.java:526) ~[?:1.7.0_45]
	at com.mysql.jdbc.Util.handleNewInstance(Util.java:411) ~[mysql-connector-java-5.1.21.jar:?]
	at com.mysql.jdbc.SQLError.createCommunicationsException(SQLError.java:1117) ~[mysql-connector-java-5.1.21.jar:?]
	at com.mysql.jdbc.MysqlIO.<init>(MysqlIO.java:350) ~[mysql-connector-java-5.1.21.jar:?]
	at com.mysql.jdbc.ConnectionImpl.coreConnect(ConnectionImpl.java:2393) ~[mysql-connector-java-5.1.21.jar:?]
	at com.mysql.jdbc.ConnectionImpl.connectOneTryOnly(ConnectionImpl.java:2430) ~[mysql-connector-java-5.1.21.jar:?]
	at com.mysql.jdbc.ConnectionImpl.createNewIO(ConnectionImpl.java:2215) ~[mysql-connector-java-5.1.21.jar:?]
	at com.mysql.jdbc.ConnectionImpl.<init>(ConnectionImpl.java:813) ~[mysql-connector-java-5.1.21.jar:?]
	at com.mysql.jdbc.JDBC4Connection.<init>(JDBC4Connection.java:47) ~[mysql-connector-java-5.1.21.jar:?]
	at sun.reflect.NativeConstructorAccessorImpl.newInstance0(Native Method) ~[?:1.7.0_45]
	at sun.reflect.NativeConstructorAccessorImpl.newInstance(NativeConstructorAccessorImpl.java:57) ~[?:1.7.0_45]
	at sun.reflect.DelegatingConstructorAccessorImpl.newInstance(DelegatingConstructorAccessorImpl.java:45) ~[?:1.7.0_45]
	at java.lang.reflect.Constructor.newInstance(Constructor.java:526) ~[?:1.7.0_45]
	at com.mysql.jdbc.Util.handleNewInstance(Util.java:411) ~[mysql-connector-java-5.1.21.jar:?]
	at com.mysql.jdbc.ConnectionImpl.getInstance(ConnectionImpl.java:399) ~[mysql-connector-java-5.1.21.jar:?]
	at com.mysql.jdbc.NonRegisteringDriver.connect(NonRegisteringDriver.java:334) ~[mysql-connector-java-5.1.21.jar:?]
	at org.apache.tomcat.jdbc.pool.PooledConnection.connectUsingDriver(PooledConnection.java:310) ~[tomcat-jdbc-8.5.11.jar:?]
	at org.apache.tomcat.jdbc.pool.PooledConnection.connect(PooledConnection.java:203) ~[tomcat-jdbc-8.5.11.jar:?]
	at org.apache.tomcat.jdbc.pool.ConnectionPool.createConnection(ConnectionPool.java:732) ~[tomcat-jdbc-8.5.11.jar:?]
	at org.apache.tomcat.jdbc.pool.ConnectionPool.borrowConnection(ConnectionPool.java:664) ~[tomcat-jdbc-8.5.11.jar:?]
	at org.apache.tomcat.jdbc.pool.ConnectionPool.init(ConnectionPool.java:479) [tomcat-jdbc-8.5.11.jar:?]
	at org.apache.tomcat.jdbc.pool.ConnectionPool.<init>(ConnectionPool.java:154) [tomcat-jdbc-8.5.11.jar:?]
	at org.apache.tomcat.jdbc.pool.DataSourceProxy.pCreatePool(DataSourceProxy.java:118) [tomcat-jdbc-8.5.11.jar:?]
	at org.apache.tomcat.jdbc.pool.DataSourceProxy.createPool(DataSourceProxy.java:107) [tomcat-jdbc-8.5.11.jar:?]
	at org.apache.tomcat.jdbc.pool.DataSourceProxy.getConnection(DataSourceProxy.java:131) [tomcat-jdbc-8.5.11.jar:?]
	at org.hibernate.engine.jdbc.connections.internal.DatasourceConnectionProviderImpl.getConnection(DatasourceConnectionProviderImpl.java:122) [hibernate-core-5.0.12.Final.jar:5.0.12.Final]
	at org.hibernate.engine.jdbc.env.internal.JdbcEnvironmentInitiator$ConnectionProviderJdbcConnectionAccess.obtainConnection(JdbcEnvironmentInitiator.java:180) [hibernate-core-5.0.12.Final.jar:5.0.12.Final]
	at org.hibernate.engine.jdbc.env.internal.JdbcEnvironmentInitiator.initiateService(JdbcEnvironmentInitiator.java:68) [hibernate-core-5.0.12.Final.jar:5.0.12.Final]
	at org.hibernate.engine.jdbc.env.internal.JdbcEnvironmentInitiator.initiateService(JdbcEnvironmentInitiator.java:35) [hibernate-core-5.0.12.Final.jar:5.0.12.Final]
	at org.hibernate.boot.registry.internal.StandardServiceRegistryImpl.initiateService(StandardServiceRegistryImpl.java:88) [hibernate-core-5.0.12.Final.jar:5.0.12.Final]
	at org.hibernate.service.internal.AbstractServiceRegistryImpl.createService(AbstractServiceRegistryImpl.java:254) [hibernate-core-5.0.12.Final.jar:5.0.12.Final]
	at org.hibernate.service.internal.AbstractServiceRegistryImpl.initializeService(AbstractServiceRegistryImpl.java:228) [hibernate-core-5.0.12.Final.jar:5.0.12.Final]
	at org.hibernate.service.internal.AbstractServiceRegistryImpl.getService(AbstractServiceRegistryImpl.java:207) [hibernate-core-5.0.12.Final.jar:5.0.12.Final]
	at org.hibernate.engine.jdbc.internal.JdbcServicesImpl.configure(JdbcServicesImpl.java:51) [hibernate-core-5.0.12.Final.jar:5.0.12.Final]
	at org.hibernate.boot.registry.internal.StandardServiceRegistryImpl.configureService(StandardServiceRegistryImpl.java:94) [hibernate-core-5.0.12.Final.jar:5.0.12.Final]
	at org.hibernate.service.internal.AbstractServiceRegistryImpl.initializeService(AbstractServiceRegistryImpl.java:237) [hibernate-core-5.0.12.Final.jar:5.0.12.Final]
	at org.hibernate.service.internal.AbstractServiceRegistryImpl.getService(AbstractServiceRegistryImpl.java:207) [hibernate-core-5.0.12.Final.jar:5.0.12.Final]
	at org.hibernate.boot.model.process.spi.MetadataBuildingProcess.handleTypes(MetadataBuildingProcess.java:352) [hibernate-core-5.0.12.Final.jar:5.0.12.Final]
	at org.hibernate.boot.model.process.spi.MetadataBuildingProcess.complete(MetadataBuildingProcess.java:111) [hibernate-core-5.0.12.Final.jar:5.0.12.Final]
	at org.hibernate.jpa.boot.internal.EntityManagerFactoryBuilderImpl.metadata(EntityManagerFactoryBuilderImpl.java:847) [hibernate-entitymanager-5.0.12.Final.jar:5.0.12.Final]
	at org.hibernate.jpa.boot.internal.EntityManagerFactoryBuilderImpl.build(EntityManagerFactoryBuilderImpl.java:874) [hibernate-entitymanager-5.0.12.Final.jar:5.0.12.Final]
	at org.springframework.orm.jpa.vendor.SpringHibernateJpaPersistenceProvider.createContainerEntityManagerFactory(SpringHibernateJpaPersistenceProvider.java:60) [spring-orm-4.3.7.RELEASE.jar:4.3.7.RELEASE]
	at org.springframework.orm.jpa.LocalContainerEntityManagerFactoryBean.createNativeEntityManagerFactory(LocalContainerEntityManagerFactoryBean.java:353) [spring-orm-4.3.7.RELEASE.jar:4.3.7.RELEASE]
	at org.springframework.orm.jpa.AbstractEntityManagerFactoryBean.buildNativeEntityManagerFactory(AbstractEntityManagerFactoryBean.java:370) [spring-orm-4.3.7.RELEASE.jar:4.3.7.RELEASE]
	at org.springframework.orm.jpa.AbstractEntityManagerFactoryBean.afterPropertiesSet(AbstractEntityManagerFactoryBean.java:359) [spring-orm-4.3.7.RELEASE.jar:4.3.7.RELEASE]
	at org.springframework.beans.factory.support.AbstractAutowireCapableBeanFactory.invokeInitMethods(AbstractAutowireCapableBeanFactory.java:1687) [spring-beans-4.3.7.RELEASE.jar:4.3.7.RELEASE]
	at org.springframework.beans.factory.support.AbstractAutowireCapableBeanFactory.initializeBean(AbstractAutowireCapableBeanFactory.java:1624) [spring-beans-4.3.7.RELEASE.jar:4.3.7.RELEASE]
	at org.springframework.beans.factory.support.AbstractAutowireCapableBeanFactory.doCreateBean(AbstractAutowireCapableBeanFactory.java:555) [spring-beans-4.3.7.RELEASE.jar:4.3.7.RELEASE]
	at org.springframework.beans.factory.support.AbstractAutowireCapableBeanFactory.createBean(AbstractAutowireCapableBeanFactory.java:483) [spring-beans-4.3.7.RELEASE.jar:4.3.7.RELEASE]
	at org.springframework.beans.factory.support.AbstractBeanFactory$1.getObject(AbstractBeanFactory.java:306) [spring-beans-4.3.7.RELEASE.jar:4.3.7.RELEASE]
	at org.springframework.beans.factory.support.DefaultSingletonBeanRegistry.getSingleton(DefaultSingletonBeanRegistry.java:230) [spring-beans-4.3.7.RELEASE.jar:4.3.7.RELEASE]
	at org.springframework.beans.factory.support.AbstractBeanFactory.doGetBean(AbstractBeanFactory.java:302) [spring-beans-4.3.7.RELEASE.jar:4.3.7.RELEASE]
	at org.springframework.beans.factory.support.AbstractBeanFactory.getBean(AbstractBeanFactory.java:197) [spring-beans-4.3.7.RELEASE.jar:4.3.7.RELEASE]
	at org.springframework.context.support.AbstractApplicationContext.getBean(AbstractApplicationContext.java:1081) [spring-context-4.3.7.RELEASE.jar:4.3.7.RELEASE]
	at org.springframework.context.support.AbstractApplicationContext.finishBeanFactoryInitialization(AbstractApplicationContext.java:856) [spring-context-4.3.7.RELEASE.jar:4.3.7.RELEASE]
	at org.springframework.context.support.AbstractApplicationContext.refresh(AbstractApplicationContext.java:542) [spring-context-4.3.7.RELEASE.jar:4.3.7.RELEASE]
	at org.springframework.boot.SpringApplication.refresh(SpringApplication.java:737) [spring-boot-1.5.2.RELEASE.jar:1.5.2.RELEASE]
	at org.springframework.boot.SpringApplication.refreshContext(SpringApplication.java:370) [spring-boot-1.5.2.RELEASE.jar:1.5.2.RELEASE]
	at org.springframework.boot.SpringApplication.run(SpringApplication.java:314) [spring-boot-1.5.2.RELEASE.jar:1.5.2.RELEASE]
	at org.springframework.boot.test.context.SpringBootContextLoader.loadContext(SpringBootContextLoader.java:120) [spring-boot-test-1.5.2.RELEASE.jar:1.5.2.RELEASE]
	at org.springframework.test.context.cache.DefaultCacheAwareContextLoaderDelegate.loadContextInternal(DefaultCacheAwareContextLoaderDelegate.java:98) [spring-test-4.3.7.RELEASE.jar:4.3.7.RELEASE]
	at org.springframework.test.context.cache.DefaultCacheAwareContextLoaderDelegate.loadContext(DefaultCacheAwareContextLoaderDelegate.java:116) [spring-test-4.3.7.RELEASE.jar:4.3.7.RELEASE]
	at org.springframework.test.context.support.DefaultTestContext.getApplicationContext(DefaultTestContext.java:83) [spring-test-4.3.7.RELEASE.jar:4.3.7.RELEASE]
	at org.springframework.test.context.web.ServletTestExecutionListener.setUpRequestContextIfNecessary(ServletTestExecutionListener.java:189) [spring-test-4.3.7.RELEASE.jar:4.3.7.RELEASE]
	at org.springframework.test.context.web.ServletTestExecutionListener.prepareTestInstance(ServletTestExecutionListener.java:131) [spring-test-4.3.7.RELEASE.jar:4.3.7.RELEASE]
	at org.springframework.test.context.TestContextManager.prepareTestInstance(TestContextManager.java:230) [spring-test-4.3.7.RELEASE.jar:4.3.7.RELEASE]
	at org.springframework.test.context.junit4.SpringJUnit4ClassRunner.createTest(SpringJUnit4ClassRunner.java:228) [spring-test-4.3.7.RELEASE.jar:4.3.7.RELEASE]
	at org.springframework.test.context.junit4.SpringJUnit4ClassRunner$1.runReflectiveCall(SpringJUnit4ClassRunner.java:287) [spring-test-4.3.7.RELEASE.jar:4.3.7.RELEASE]
	at org.junit.internal.runners.model.ReflectiveCallable.run(ReflectiveCallable.java:12) [junit-4.12.jar:4.12]
	at org.springframework.test.context.junit4.SpringJUnit4ClassRunner.methodBlock(SpringJUnit4ClassRunner.java:289) [spring-test-4.3.7.RELEASE.jar:4.3.7.RELEASE]
	at org.springframework.test.context.junit4.SpringJUnit4ClassRunner.runChild(SpringJUnit4ClassRunner.java:247) [spring-test-4.3.7.RELEASE.jar:4.3.7.RELEASE]
	at org.springframework.test.context.junit4.SpringJUnit4ClassRunner.runChild(SpringJUnit4ClassRunner.java:94) [spring-test-4.3.7.RELEASE.jar:4.3.7.RELEASE]
	at org.junit.runners.ParentRunner$3.run(ParentRunner.java:290) [junit-4.12.jar:4.12]
	at org.junit.runners.ParentRunner$1.schedule(ParentRunner.java:71) [junit-4.12.jar:4.12]
	at org.junit.runners.ParentRunner.runChildren(ParentRunner.java:288) [junit-4.12.jar:4.12]
	at org.junit.runners.ParentRunner.access$000(ParentRunner.java:58) [junit-4.12.jar:4.12]
	at org.junit.runners.ParentRunner$2.evaluate(ParentRunner.java:268) [junit-4.12.jar:4.12]
	at org.springframework.test.context.junit4.statements.RunBeforeTestClassCallbacks.evaluate(RunBeforeTestClassCallbacks.java:61) [spring-test-4.3.7.RELEASE.jar:4.3.7.RELEASE]
	at org.springframework.test.context.junit4.statements.RunAfterTestClassCallbacks.evaluate(RunAfterTestClassCallbacks.java:70) [spring-test-4.3.7.RELEASE.jar:4.3.7.RELEASE]
	at org.junit.runners.ParentRunner.run(ParentRunner.java:363) [junit-4.12.jar:4.12]
	at org.springframework.test.context.junit4.SpringJUnit4ClassRunner.run(SpringJUnit4ClassRunner.java:191) [spring-test-4.3.7.RELEASE.jar:4.3.7.RELEASE]
	at org.junit.runner.JUnitCore.run(JUnitCore.java:137) [junit-4.12.jar:4.12]
	at com.intellij.junit4.JUnit4IdeaTestRunner.startRunnerWithArgs(JUnit4IdeaTestRunner.java:68) [junit-rt.jar:?]
	at com.intellij.rt.execution.junit.IdeaTestRunner$Repeater.startRunnerWithArgs(IdeaTestRunner.java:51) [junit-rt.jar:?]
	at com.intellij.rt.execution.junit.JUnitStarter.prepareStreamsAndStart(JUnitStarter.java:237) [junit-rt.jar:?]
	at com.intellij.rt.execution.junit.JUnitStarter.main(JUnitStarter.java:70) [junit-rt.jar:?]
	at sun.reflect.NativeMethodAccessorImpl.invoke0(Native Method) ~[?:1.7.0_45]
	at sun.reflect.NativeMethodAccessorImpl.invoke(NativeMethodAccessorImpl.java:57) ~[?:1.7.0_45]
	at sun.reflect.DelegatingMethodAccessorImpl.invoke(DelegatingMethodAccessorImpl.java:43) ~[?:1.7.0_45]
	at java.lang.reflect.Method.invoke(Method.java:606) ~[?:1.7.0_45]
	at com.intellij.rt.execution.application.AppMain.main(AppMain.java:147) [idea_rt.jar:?]
Caused by: java.net.ConnectException: Connection refused: connect
	at java.net.DualStackPlainSocketImpl.connect0(Native Method) ~[?:1.7.0_45]
	at java.net.DualStackPlainSocketImpl.socketConnect(DualStackPlainSocketImpl.java:79) ~[?:1.7.0_45]
	at java.net.AbstractPlainSocketImpl.doConnect(AbstractPlainSocketImpl.java:339) ~[?:1.7.0_45]
	at java.net.AbstractPlainSocketImpl.connectToAddress(AbstractPlainSocketImpl.java:200) ~[?:1.7.0_45]
	at java.net.AbstractPlainSocketImpl.connect(AbstractPlainSocketImpl.java:182) ~[?:1.7.0_45]
	at java.net.PlainSocketImpl.connect(PlainSocketImpl.java:172) ~[?:1.7.0_45]
	at java.net.SocksSocketImpl.connect(SocksSocketImpl.java:392) ~[?:1.7.0_45]
	at java.net.Socket.connect(Socket.java:579) ~[?:1.7.0_45]
	at java.net.Socket.connect(Socket.java:528) ~[?:1.7.0_45]
	at java.net.Socket.<init>(Socket.java:425) ~[?:1.7.0_45]
	at java.net.Socket.<init>(Socket.java:241) ~[?:1.7.0_45]
	at com.mysql.jdbc.StandardSocketFactory.connect(StandardSocketFactory.java:257) ~[mysql-connector-java-5.1.21.jar:?]
	at com.mysql.jdbc.MysqlIO.<init>(MysqlIO.java:300) ~[mysql-connector-java-5.1.21.jar:?]
	... 87 more
2017-03-18 23:07:02,900 ERROR o.s.b.SpringApplication [main] Application startup failed
org.springframework.beans.factory.BeanCreationException: Error creating bean with name 'entityManagerFactory' defined in class path resource [org/springframework/boot/autoconfigure/orm/jpa/HibernateJpaAutoConfiguration.class]: Invocation of init method failed; nested exception is org.hibernate.service.spi.ServiceException: Unable to create requested service [org.hibernate.engine.jdbc.env.spi.JdbcEnvironment]
	at org.springframework.beans.factory.support.AbstractAutowireCapableBeanFactory.initializeBean(AbstractAutowireCapableBeanFactory.java:1628) ~[spring-beans-4.3.7.RELEASE.jar:4.3.7.RELEASE]
	at org.springframework.beans.factory.support.AbstractAutowireCapableBeanFactory.doCreateBean(AbstractAutowireCapableBeanFactory.java:555) ~[spring-beans-4.3.7.RELEASE.jar:4.3.7.RELEASE]
	at org.springframework.beans.factory.support.AbstractAutowireCapableBeanFactory.createBean(AbstractAutowireCapableBeanFactory.java:483) ~[spring-beans-4.3.7.RELEASE.jar:4.3.7.RELEASE]
	at org.springframework.beans.factory.support.AbstractBeanFactory$1.getObject(AbstractBeanFactory.java:306) ~[spring-beans-4.3.7.RELEASE.jar:4.3.7.RELEASE]
	at org.springframework.beans.factory.support.DefaultSingletonBeanRegistry.getSingleton(DefaultSingletonBeanRegistry.java:230) ~[spring-beans-4.3.7.RELEASE.jar:4.3.7.RELEASE]
	at org.springframework.beans.factory.support.AbstractBeanFactory.doGetBean(AbstractBeanFactory.java:302) ~[spring-beans-4.3.7.RELEASE.jar:4.3.7.RELEASE]
	at org.springframework.beans.factory.support.AbstractBeanFactory.getBean(AbstractBeanFactory.java:197) ~[spring-beans-4.3.7.RELEASE.jar:4.3.7.RELEASE]
	at org.springframework.context.support.AbstractApplicationContext.getBean(AbstractApplicationContext.java:1081) ~[spring-context-4.3.7.RELEASE.jar:4.3.7.RELEASE]
	at org.springframework.context.support.AbstractApplicationContext.finishBeanFactoryInitialization(AbstractApplicationContext.java:856) ~[spring-context-4.3.7.RELEASE.jar:4.3.7.RELEASE]
	at org.springframework.context.support.AbstractApplicationContext.refresh(AbstractApplicationContext.java:542) ~[spring-context-4.3.7.RELEASE.jar:4.3.7.RELEASE]
	at org.springframework.boot.SpringApplication.refresh(SpringApplication.java:737) [spring-boot-1.5.2.RELEASE.jar:1.5.2.RELEASE]
	at org.springframework.boot.SpringApplication.refreshContext(SpringApplication.java:370) [spring-boot-1.5.2.RELEASE.jar:1.5.2.RELEASE]
	at org.springframework.boot.SpringApplication.run(SpringApplication.java:314) [spring-boot-1.5.2.RELEASE.jar:1.5.2.RELEASE]
	at org.springframework.boot.test.context.SpringBootContextLoader.loadContext(SpringBootContextLoader.java:120) [spring-boot-test-1.5.2.RELEASE.jar:1.5.2.RELEASE]
	at org.springframework.test.context.cache.DefaultCacheAwareContextLoaderDelegate.loadContextInternal(DefaultCacheAwareContextLoaderDelegate.java:98) [spring-test-4.3.7.RELEASE.jar:4.3.7.RELEASE]
	at org.springframework.test.context.cache.DefaultCacheAwareContextLoaderDelegate.loadContext(DefaultCacheAwareContextLoaderDelegate.java:116) [spring-test-4.3.7.RELEASE.jar:4.3.7.RELEASE]
	at org.springframework.test.context.support.DefaultTestContext.getApplicationContext(DefaultTestContext.java:83) [spring-test-4.3.7.RELEASE.jar:4.3.7.RELEASE]
	at org.springframework.test.context.web.ServletTestExecutionListener.setUpRequestContextIfNecessary(ServletTestExecutionListener.java:189) [spring-test-4.3.7.RELEASE.jar:4.3.7.RELEASE]
	at org.springframework.test.context.web.ServletTestExecutionListener.prepareTestInstance(ServletTestExecutionListener.java:131) [spring-test-4.3.7.RELEASE.jar:4.3.7.RELEASE]
	at org.springframework.test.context.TestContextManager.prepareTestInstance(TestContextManager.java:230) [spring-test-4.3.7.RELEASE.jar:4.3.7.RELEASE]
	at org.springframework.test.context.junit4.SpringJUnit4ClassRunner.createTest(SpringJUnit4ClassRunner.java:228) [spring-test-4.3.7.RELEASE.jar:4.3.7.RELEASE]
	at org.springframework.test.context.junit4.SpringJUnit4ClassRunner$1.runReflectiveCall(SpringJUnit4ClassRunner.java:287) [spring-test-4.3.7.RELEASE.jar:4.3.7.RELEASE]
	at org.junit.internal.runners.model.ReflectiveCallable.run(ReflectiveCallable.java:12) [junit-4.12.jar:4.12]
	at org.springframework.test.context.junit4.SpringJUnit4ClassRunner.methodBlock(SpringJUnit4ClassRunner.java:289) [spring-test-4.3.7.RELEASE.jar:4.3.7.RELEASE]
	at org.springframework.test.context.junit4.SpringJUnit4ClassRunner.runChild(SpringJUnit4ClassRunner.java:247) [spring-test-4.3.7.RELEASE.jar:4.3.7.RELEASE]
	at org.springframework.test.context.junit4.SpringJUnit4ClassRunner.runChild(SpringJUnit4ClassRunner.java:94) [spring-test-4.3.7.RELEASE.jar:4.3.7.RELEASE]
	at org.junit.runners.ParentRunner$3.run(ParentRunner.java:290) [junit-4.12.jar:4.12]
	at org.junit.runners.ParentRunner$1.schedule(ParentRunner.java:71) [junit-4.12.jar:4.12]
	at org.junit.runners.ParentRunner.runChildren(ParentRunner.java:288) [junit-4.12.jar:4.12]
	at org.junit.runners.ParentRunner.access$000(ParentRunner.java:58) [junit-4.12.jar:4.12]
	at org.junit.runners.ParentRunner$2.evaluate(ParentRunner.java:268) [junit-4.12.jar:4.12]
	at org.springframework.test.context.junit4.statements.RunBeforeTestClassCallbacks.evaluate(RunBeforeTestClassCallbacks.java:61) [spring-test-4.3.7.RELEASE.jar:4.3.7.RELEASE]
	at org.springframework.test.context.junit4.statements.RunAfterTestClassCallbacks.evaluate(RunAfterTestClassCallbacks.java:70) [spring-test-4.3.7.RELEASE.jar:4.3.7.RELEASE]
	at org.junit.runners.ParentRunner.run(ParentRunner.java:363) [junit-4.12.jar:4.12]
	at org.springframework.test.context.junit4.SpringJUnit4ClassRunner.run(SpringJUnit4ClassRunner.java:191) [spring-test-4.3.7.RELEASE.jar:4.3.7.RELEASE]
	at org.junit.runner.JUnitCore.run(JUnitCore.java:137) [junit-4.12.jar:4.12]
	at com.intellij.junit4.JUnit4IdeaTestRunner.startRunnerWithArgs(JUnit4IdeaTestRunner.java:68) [junit-rt.jar:?]
	at com.intellij.rt.execution.junit.IdeaTestRunner$Repeater.startRunnerWithArgs(IdeaTestRunner.java:51) [junit-rt.jar:?]
	at com.intellij.rt.execution.junit.JUnitStarter.prepareStreamsAndStart(JUnitStarter.java:237) [junit-rt.jar:?]
	at com.intellij.rt.execution.junit.JUnitStarter.main(JUnitStarter.java:70) [junit-rt.jar:?]
	at sun.reflect.NativeMethodAccessorImpl.invoke0(Native Method) ~[?:1.7.0_45]
	at sun.reflect.NativeMethodAccessorImpl.invoke(NativeMethodAccessorImpl.java:57) ~[?:1.7.0_45]
	at sun.reflect.DelegatingMethodAccessorImpl.invoke(DelegatingMethodAccessorImpl.java:43) ~[?:1.7.0_45]
	at java.lang.reflect.Method.invoke(Method.java:606) ~[?:1.7.0_45]
	at com.intellij.rt.execution.application.AppMain.main(AppMain.java:147) [idea_rt.jar:?]
Caused by: org.hibernate.service.spi.ServiceException: Unable to create requested service [org.hibernate.engine.jdbc.env.spi.JdbcEnvironment]
	at org.hibernate.service.internal.AbstractServiceRegistryImpl.createService(AbstractServiceRegistryImpl.java:264) ~[hibernate-core-5.0.12.Final.jar:5.0.12.Final]
	at org.hibernate.service.internal.AbstractServiceRegistryImpl.initializeService(AbstractServiceRegistryImpl.java:228) ~[hibernate-core-5.0.12.Final.jar:5.0.12.Final]
	at org.hibernate.service.internal.AbstractServiceRegistryImpl.getService(AbstractServiceRegistryImpl.java:207) ~[hibernate-core-5.0.12.Final.jar:5.0.12.Final]
	at org.hibernate.engine.jdbc.internal.JdbcServicesImpl.configure(JdbcServicesImpl.java:51) ~[hibernate-core-5.0.12.Final.jar:5.0.12.Final]
	at org.hibernate.boot.registry.internal.StandardServiceRegistryImpl.configureService(StandardServiceRegistryImpl.java:94) ~[hibernate-core-5.0.12.Final.jar:5.0.12.Final]
	at org.hibernate.service.internal.AbstractServiceRegistryImpl.initializeService(AbstractServiceRegistryImpl.java:237) ~[hibernate-core-5.0.12.Final.jar:5.0.12.Final]
	at org.hibernate.service.internal.AbstractServiceRegistryImpl.getService(AbstractServiceRegistryImpl.java:207) ~[hibernate-core-5.0.12.Final.jar:5.0.12.Final]
	at org.hibernate.boot.model.process.spi.MetadataBuildingProcess.handleTypes(MetadataBuildingProcess.java:352) ~[hibernate-core-5.0.12.Final.jar:5.0.12.Final]
	at org.hibernate.boot.model.process.spi.MetadataBuildingProcess.complete(MetadataBuildingProcess.java:111) ~[hibernate-core-5.0.12.Final.jar:5.0.12.Final]
	at org.hibernate.jpa.boot.internal.EntityManagerFactoryBuilderImpl.metadata(EntityManagerFactoryBuilderImpl.java:847) ~[hibernate-entitymanager-5.0.12.Final.jar:5.0.12.Final]
	at org.hibernate.jpa.boot.internal.EntityManagerFactoryBuilderImpl.build(EntityManagerFactoryBuilderImpl.java:874) ~[hibernate-entitymanager-5.0.12.Final.jar:5.0.12.Final]
	at org.springframework.orm.jpa.vendor.SpringHibernateJpaPersistenceProvider.createContainerEntityManagerFactory(SpringHibernateJpaPersistenceProvider.java:60) ~[spring-orm-4.3.7.RELEASE.jar:4.3.7.RELEASE]
	at org.springframework.orm.jpa.LocalContainerEntityManagerFactoryBean.createNativeEntityManagerFactory(LocalContainerEntityManagerFactoryBean.java:353) ~[spring-orm-4.3.7.RELEASE.jar:4.3.7.RELEASE]
	at org.springframework.orm.jpa.AbstractEntityManagerFactoryBean.buildNativeEntityManagerFactory(AbstractEntityManagerFactoryBean.java:370) ~[spring-orm-4.3.7.RELEASE.jar:4.3.7.RELEASE]
	at org.springframework.orm.jpa.AbstractEntityManagerFactoryBean.afterPropertiesSet(AbstractEntityManagerFactoryBean.java:359) ~[spring-orm-4.3.7.RELEASE.jar:4.3.7.RELEASE]
	at org.springframework.beans.factory.support.AbstractAutowireCapableBeanFactory.invokeInitMethods(AbstractAutowireCapableBeanFactory.java:1687) ~[spring-beans-4.3.7.RELEASE.jar:4.3.7.RELEASE]
	at org.springframework.beans.factory.support.AbstractAutowireCapableBeanFactory.initializeBean(AbstractAutowireCapableBeanFactory.java:1624) ~[spring-beans-4.3.7.RELEASE.jar:4.3.7.RELEASE]
	... 44 more
Caused by: org.hibernate.HibernateException: Access to DialectResolutionInfo cannot be null when 'hibernate.dialect' not set
	at org.hibernate.engine.jdbc.dialect.internal.DialectFactoryImpl.determineDialect(DialectFactoryImpl.java:100) ~[hibernate-core-5.0.12.Final.jar:5.0.12.Final]
	at org.hibernate.engine.jdbc.dialect.internal.DialectFactoryImpl.buildDialect(DialectFactoryImpl.java:54) ~[hibernate-core-5.0.12.Final.jar:5.0.12.Final]
	at org.hibernate.engine.jdbc.env.internal.JdbcEnvironmentInitiator.initiateService(JdbcEnvironmentInitiator.java:137) ~[hibernate-core-5.0.12.Final.jar:5.0.12.Final]
	at org.hibernate.engine.jdbc.env.internal.JdbcEnvironmentInitiator.initiateService(JdbcEnvironmentInitiator.java:35) ~[hibernate-core-5.0.12.Final.jar:5.0.12.Final]
	at org.hibernate.boot.registry.internal.StandardServiceRegistryImpl.initiateService(StandardServiceRegistryImpl.java:88) ~[hibernate-core-5.0.12.Final.jar:5.0.12.Final]
	at org.hibernate.service.internal.AbstractServiceRegistryImpl.createService(AbstractServiceRegistryImpl.java:254) ~[hibernate-core-5.0.12.Final.jar:5.0.12.Final]
	at org.hibernate.service.internal.AbstractServiceRegistryImpl.initializeService(AbstractServiceRegistryImpl.java:228) ~[hibernate-core-5.0.12.Final.jar:5.0.12.Final]
	at org.hibernate.service.internal.AbstractServiceRegistryImpl.getService(AbstractServiceRegistryImpl.java:207) ~[hibernate-core-5.0.12.Final.jar:5.0.12.Final]
	at org.hibernate.engine.jdbc.internal.JdbcServicesImpl.configure(JdbcServicesImpl.java:51) ~[hibernate-core-5.0.12.Final.jar:5.0.12.Final]
	at org.hibernate.boot.registry.internal.StandardServiceRegistryImpl.configureService(StandardServiceRegistryImpl.java:94) ~[hibernate-core-5.0.12.Final.jar:5.0.12.Final]
	at org.hibernate.service.internal.AbstractServiceRegistryImpl.initializeService(AbstractServiceRegistryImpl.java:237) ~[hibernate-core-5.0.12.Final.jar:5.0.12.Final]
	at org.hibernate.service.internal.AbstractServiceRegistryImpl.getService(AbstractServiceRegistryImpl.java:207) ~[hibernate-core-5.0.12.Final.jar:5.0.12.Final]
	at org.hibernate.boot.model.process.spi.MetadataBuildingProcess.handleTypes(MetadataBuildingProcess.java:352) ~[hibernate-core-5.0.12.Final.jar:5.0.12.Final]
	at org.hibernate.boot.model.process.spi.MetadataBuildingProcess.complete(MetadataBuildingProcess.java:111) ~[hibernate-core-5.0.12.Final.jar:5.0.12.Final]
	at org.hibernate.jpa.boot.internal.EntityManagerFactoryBuilderImpl.metadata(EntityManagerFactoryBuilderImpl.java:847) ~[hibernate-entitymanager-5.0.12.Final.jar:5.0.12.Final]
	at org.hibernate.jpa.boot.internal.EntityManagerFactoryBuilderImpl.build(EntityManagerFactoryBuilderImpl.java:874) ~[hibernate-entitymanager-5.0.12.Final.jar:5.0.12.Final]
	at org.springframework.orm.jpa.vendor.SpringHibernateJpaPersistenceProvider.createContainerEntityManagerFactory(SpringHibernateJpaPersistenceProvider.java:60) ~[spring-orm-4.3.7.RELEASE.jar:4.3.7.RELEASE]
	at org.springframework.orm.jpa.LocalContainerEntityManagerFactoryBean.createNativeEntityManagerFactory(LocalContainerEntityManagerFactoryBean.java:353) ~[spring-orm-4.3.7.RELEASE.jar:4.3.7.RELEASE]
	at org.springframework.orm.jpa.AbstractEntityManagerFactoryBean.buildNativeEntityManagerFactory(AbstractEntityManagerFactoryBean.java:370) ~[spring-orm-4.3.7.RELEASE.jar:4.3.7.RELEASE]
	at org.springframework.orm.jpa.AbstractEntityManagerFactoryBean.afterPropertiesSet(AbstractEntityManagerFactoryBean.java:359) ~[spring-orm-4.3.7.RELEASE.jar:4.3.7.RELEASE]
	at org.springframework.beans.factory.support.AbstractAutowireCapableBeanFactory.invokeInitMethods(AbstractAutowireCapableBeanFactory.java:1687) ~[spring-beans-4.3.7.RELEASE.jar:4.3.7.RELEASE]
	at org.springframework.beans.factory.support.AbstractAutowireCapableBeanFactory.initializeBean(AbstractAutowireCapableBeanFactory.java:1624) ~[spring-beans-4.3.7.RELEASE.jar:4.3.7.RELEASE]
	... 44 more
2017-03-18 23:07:02,978 ERROR o.s.t.c.TestContextManager [main] Caught exception while allowing TestExecutionListener [org.springframework.test.context.web.ServletTestExecutionListener@7013d1] to prepare test instance [com.example.JavaMailTest@17761a9]
java.lang.IllegalStateException: Failed to load ApplicationContext
	at org.springframework.test.context.cache.DefaultCacheAwareContextLoaderDelegate.loadContext(DefaultCacheAwareContextLoaderDelegate.java:124) ~[spring-test-4.3.7.RELEASE.jar:4.3.7.RELEASE]
	at org.springframework.test.context.support.DefaultTestContext.getApplicationContext(DefaultTestContext.java:83) ~[spring-test-4.3.7.RELEASE.jar:4.3.7.RELEASE]
	at org.springframework.test.context.web.ServletTestExecutionListener.setUpRequestContextIfNecessary(ServletTestExecutionListener.java:189) ~[spring-test-4.3.7.RELEASE.jar:4.3.7.RELEASE]
	at org.springframework.test.context.web.ServletTestExecutionListener.prepareTestInstance(ServletTestExecutionListener.java:131) ~[spring-test-4.3.7.RELEASE.jar:4.3.7.RELEASE]
	at org.springframework.test.context.TestContextManager.prepareTestInstance(TestContextManager.java:230) [spring-test-4.3.7.RELEASE.jar:4.3.7.RELEASE]
	at org.springframework.test.context.junit4.SpringJUnit4ClassRunner.createTest(SpringJUnit4ClassRunner.java:228) [spring-test-4.3.7.RELEASE.jar:4.3.7.RELEASE]
	at org.springframework.test.context.junit4.SpringJUnit4ClassRunner$1.runReflectiveCall(SpringJUnit4ClassRunner.java:287) [spring-test-4.3.7.RELEASE.jar:4.3.7.RELEASE]
	at org.junit.internal.runners.model.ReflectiveCallable.run(ReflectiveCallable.java:12) [junit-4.12.jar:4.12]
	at org.springframework.test.context.junit4.SpringJUnit4ClassRunner.methodBlock(SpringJUnit4ClassRunner.java:289) [spring-test-4.3.7.RELEASE.jar:4.3.7.RELEASE]
	at org.springframework.test.context.junit4.SpringJUnit4ClassRunner.runChild(SpringJUnit4ClassRunner.java:247) [spring-test-4.3.7.RELEASE.jar:4.3.7.RELEASE]
	at org.springframework.test.context.junit4.SpringJUnit4ClassRunner.runChild(SpringJUnit4ClassRunner.java:94) [spring-test-4.3.7.RELEASE.jar:4.3.7.RELEASE]
	at org.junit.runners.ParentRunner$3.run(ParentRunner.java:290) [junit-4.12.jar:4.12]
	at org.junit.runners.ParentRunner$1.schedule(ParentRunner.java:71) [junit-4.12.jar:4.12]
	at org.junit.runners.ParentRunner.runChildren(ParentRunner.java:288) [junit-4.12.jar:4.12]
	at org.junit.runners.ParentRunner.access$000(ParentRunner.java:58) [junit-4.12.jar:4.12]
	at org.junit.runners.ParentRunner$2.evaluate(ParentRunner.java:268) [junit-4.12.jar:4.12]
	at org.springframework.test.context.junit4.statements.RunBeforeTestClassCallbacks.evaluate(RunBeforeTestClassCallbacks.java:61) [spring-test-4.3.7.RELEASE.jar:4.3.7.RELEASE]
	at org.springframework.test.context.junit4.statements.RunAfterTestClassCallbacks.evaluate(RunAfterTestClassCallbacks.java:70) [spring-test-4.3.7.RELEASE.jar:4.3.7.RELEASE]
	at org.junit.runners.ParentRunner.run(ParentRunner.java:363) [junit-4.12.jar:4.12]
	at org.springframework.test.context.junit4.SpringJUnit4ClassRunner.run(SpringJUnit4ClassRunner.java:191) [spring-test-4.3.7.RELEASE.jar:4.3.7.RELEASE]
	at org.junit.runner.JUnitCore.run(JUnitCore.java:137) [junit-4.12.jar:4.12]
	at com.intellij.junit4.JUnit4IdeaTestRunner.startRunnerWithArgs(JUnit4IdeaTestRunner.java:68) [junit-rt.jar:?]
	at com.intellij.rt.execution.junit.IdeaTestRunner$Repeater.startRunnerWithArgs(IdeaTestRunner.java:51) [junit-rt.jar:?]
	at com.intellij.rt.execution.junit.JUnitStarter.prepareStreamsAndStart(JUnitStarter.java:237) [junit-rt.jar:?]
	at com.intellij.rt.execution.junit.JUnitStarter.main(JUnitStarter.java:70) [junit-rt.jar:?]
	at sun.reflect.NativeMethodAccessorImpl.invoke0(Native Method) ~[?:1.7.0_45]
	at sun.reflect.NativeMethodAccessorImpl.invoke(NativeMethodAccessorImpl.java:57) ~[?:1.7.0_45]
	at sun.reflect.DelegatingMethodAccessorImpl.invoke(DelegatingMethodAccessorImpl.java:43) ~[?:1.7.0_45]
	at java.lang.reflect.Method.invoke(Method.java:606) ~[?:1.7.0_45]
	at com.intellij.rt.execution.application.AppMain.main(AppMain.java:147) [idea_rt.jar:?]
Caused by: org.springframework.beans.factory.BeanCreationException: Error creating bean with name 'entityManagerFactory' defined in class path resource [org/springframework/boot/autoconfigure/orm/jpa/HibernateJpaAutoConfiguration.class]: Invocation of init method failed; nested exception is org.hibernate.service.spi.ServiceException: Unable to create requested service [org.hibernate.engine.jdbc.env.spi.JdbcEnvironment]
	at org.springframework.beans.factory.support.AbstractAutowireCapableBeanFactory.initializeBean(AbstractAutowireCapableBeanFactory.java:1628) ~[spring-beans-4.3.7.RELEASE.jar:4.3.7.RELEASE]
	at org.springframework.beans.factory.support.AbstractAutowireCapableBeanFactory.doCreateBean(AbstractAutowireCapableBeanFactory.java:555) ~[spring-beans-4.3.7.RELEASE.jar:4.3.7.RELEASE]
	at org.springframework.beans.factory.support.AbstractAutowireCapableBeanFactory.createBean(AbstractAutowireCapableBeanFactory.java:483) ~[spring-beans-4.3.7.RELEASE.jar:4.3.7.RELEASE]
	at org.springframework.beans.factory.support.AbstractBeanFactory$1.getObject(AbstractBeanFactory.java:306) ~[spring-beans-4.3.7.RELEASE.jar:4.3.7.RELEASE]
	at org.springframework.beans.factory.support.DefaultSingletonBeanRegistry.getSingleton(DefaultSingletonBeanRegistry.java:230) ~[spring-beans-4.3.7.RELEASE.jar:4.3.7.RELEASE]
	at org.springframework.beans.factory.support.AbstractBeanFactory.doGetBean(AbstractBeanFactory.java:302) ~[spring-beans-4.3.7.RELEASE.jar:4.3.7.RELEASE]
	at org.springframework.beans.factory.support.AbstractBeanFactory.getBean(AbstractBeanFactory.java:197) ~[spring-beans-4.3.7.RELEASE.jar:4.3.7.RELEASE]
	at org.springframework.context.support.AbstractApplicationContext.getBean(AbstractApplicationContext.java:1081) ~[spring-context-4.3.7.RELEASE.jar:4.3.7.RELEASE]
	at org.springframework.context.support.AbstractApplicationContext.finishBeanFactoryInitialization(AbstractApplicationContext.java:856) ~[spring-context-4.3.7.RELEASE.jar:4.3.7.RELEASE]
	at org.springframework.context.support.AbstractApplicationContext.refresh(AbstractApplicationContext.java:542) ~[spring-context-4.3.7.RELEASE.jar:4.3.7.RELEASE]
	at org.springframework.boot.SpringApplication.refresh(SpringApplication.java:737) ~[spring-boot-1.5.2.RELEASE.jar:1.5.2.RELEASE]
	at org.springframework.boot.SpringApplication.refreshContext(SpringApplication.java:370) ~[spring-boot-1.5.2.RELEASE.jar:1.5.2.RELEASE]
	at org.springframework.boot.SpringApplication.run(SpringApplication.java:314) ~[spring-boot-1.5.2.RELEASE.jar:1.5.2.RELEASE]
	at org.springframework.boot.test.context.SpringBootContextLoader.loadContext(SpringBootContextLoader.java:120) ~[spring-boot-test-1.5.2.RELEASE.jar:1.5.2.RELEASE]
	at org.springframework.test.context.cache.DefaultCacheAwareContextLoaderDelegate.loadContextInternal(DefaultCacheAwareContextLoaderDelegate.java:98) ~[spring-test-4.3.7.RELEASE.jar:4.3.7.RELEASE]
	at org.springframework.test.context.cache.DefaultCacheAwareContextLoaderDelegate.loadContext(DefaultCacheAwareContextLoaderDelegate.java:116) ~[spring-test-4.3.7.RELEASE.jar:4.3.7.RELEASE]
	... 29 more
Caused by: org.hibernate.service.spi.ServiceException: Unable to create requested service [org.hibernate.engine.jdbc.env.spi.JdbcEnvironment]
	at org.hibernate.service.internal.AbstractServiceRegistryImpl.createService(AbstractServiceRegistryImpl.java:264) ~[hibernate-core-5.0.12.Final.jar:5.0.12.Final]
	at org.hibernate.service.internal.AbstractServiceRegistryImpl.initializeService(AbstractServiceRegistryImpl.java:228) ~[hibernate-core-5.0.12.Final.jar:5.0.12.Final]
	at org.hibernate.service.internal.AbstractServiceRegistryImpl.getService(AbstractServiceRegistryImpl.java:207) ~[hibernate-core-5.0.12.Final.jar:5.0.12.Final]
	at org.hibernate.engine.jdbc.internal.JdbcServicesImpl.configure(JdbcServicesImpl.java:51) ~[hibernate-core-5.0.12.Final.jar:5.0.12.Final]
	at org.hibernate.boot.registry.internal.StandardServiceRegistryImpl.configureService(StandardServiceRegistryImpl.java:94) ~[hibernate-core-5.0.12.Final.jar:5.0.12.Final]
	at org.hibernate.service.internal.AbstractServiceRegistryImpl.initializeService(AbstractServiceRegistryImpl.java:237) ~[hibernate-core-5.0.12.Final.jar:5.0.12.Final]
	at org.hibernate.service.internal.AbstractServiceRegistryImpl.getService(AbstractServiceRegistryImpl.java:207) ~[hibernate-core-5.0.12.Final.jar:5.0.12.Final]
	at org.hibernate.boot.model.process.spi.MetadataBuildingProcess.handleTypes(MetadataBuildingProcess.java:352) ~[hibernate-core-5.0.12.Final.jar:5.0.12.Final]
	at org.hibernate.boot.model.process.spi.MetadataBuildingProcess.complete(MetadataBuildingProcess.java:111) ~[hibernate-core-5.0.12.Final.jar:5.0.12.Final]
	at org.hibernate.jpa.boot.internal.EntityManagerFactoryBuilderImpl.metadata(EntityManagerFactoryBuilderImpl.java:847) ~[hibernate-entitymanager-5.0.12.Final.jar:5.0.12.Final]
	at org.hibernate.jpa.boot.internal.EntityManagerFactoryBuilderImpl.build(EntityManagerFactoryBuilderImpl.java:874) ~[hibernate-entitymanager-5.0.12.Final.jar:5.0.12.Final]
	at org.springframework.orm.jpa.vendor.SpringHibernateJpaPersistenceProvider.createContainerEntityManagerFactory(SpringHibernateJpaPersistenceProvider.java:60) ~[spring-orm-4.3.7.RELEASE.jar:4.3.7.RELEASE]
	at org.springframework.orm.jpa.LocalContainerEntityManagerFactoryBean.createNativeEntityManagerFactory(LocalContainerEntityManagerFactoryBean.java:353) ~[spring-orm-4.3.7.RELEASE.jar:4.3.7.RELEASE]
	at org.springframework.orm.jpa.AbstractEntityManagerFactoryBean.buildNativeEntityManagerFactory(AbstractEntityManagerFactoryBean.java:370) ~[spring-orm-4.3.7.RELEASE.jar:4.3.7.RELEASE]
	at org.springframework.orm.jpa.AbstractEntityManagerFactoryBean.afterPropertiesSet(AbstractEntityManagerFactoryBean.java:359) ~[spring-orm-4.3.7.RELEASE.jar:4.3.7.RELEASE]
	at org.springframework.beans.factory.support.AbstractAutowireCapableBeanFactory.invokeInitMethods(AbstractAutowireCapableBeanFactory.java:1687) ~[spring-beans-4.3.7.RELEASE.jar:4.3.7.RELEASE]
	at org.springframework.beans.factory.support.AbstractAutowireCapableBeanFactory.initializeBean(AbstractAutowireCapableBeanFactory.java:1624) ~[spring-beans-4.3.7.RELEASE.jar:4.3.7.RELEASE]
	at org.springframework.beans.factory.support.AbstractAutowireCapableBeanFactory.doCreateBean(AbstractAutowireCapableBeanFactory.java:555) ~[spring-beans-4.3.7.RELEASE.jar:4.3.7.RELEASE]
	at org.springframework.beans.factory.support.AbstractAutowireCapableBeanFactory.createBean(AbstractAutowireCapableBeanFactory.java:483) ~[spring-beans-4.3.7.RELEASE.jar:4.3.7.RELEASE]
	at org.springframework.beans.factory.support.AbstractBeanFactory$1.getObject(AbstractBeanFactory.java:306) ~[spring-beans-4.3.7.RELEASE.jar:4.3.7.RELEASE]
	at org.springframework.beans.factory.support.DefaultSingletonBeanRegistry.getSingleton(DefaultSingletonBeanRegistry.java:230) ~[spring-beans-4.3.7.RELEASE.jar:4.3.7.RELEASE]
	at org.springframework.beans.factory.support.AbstractBeanFactory.doGetBean(AbstractBeanFactory.java:302) ~[spring-beans-4.3.7.RELEASE.jar:4.3.7.RELEASE]
	at org.springframework.beans.factory.support.AbstractBeanFactory.getBean(AbstractBeanFactory.java:197) ~[spring-beans-4.3.7.RELEASE.jar:4.3.7.RELEASE]
	at org.springframework.context.support.AbstractApplicationContext.getBean(AbstractApplicationContext.java:1081) ~[spring-context-4.3.7.RELEASE.jar:4.3.7.RELEASE]
	at org.springframework.context.support.AbstractApplicationContext.finishBeanFactoryInitialization(AbstractApplicationContext.java:856) ~[spring-context-4.3.7.RELEASE.jar:4.3.7.RELEASE]
	at org.springframework.context.support.AbstractApplicationContext.refresh(AbstractApplicationContext.java:542) ~[spring-context-4.3.7.RELEASE.jar:4.3.7.RELEASE]
	at org.springframework.boot.SpringApplication.refresh(SpringApplication.java:737) ~[spring-boot-1.5.2.RELEASE.jar:1.5.2.RELEASE]
	at org.springframework.boot.SpringApplication.refreshContext(SpringApplication.java:370) ~[spring-boot-1.5.2.RELEASE.jar:1.5.2.RELEASE]
	at org.springframework.boot.SpringApplication.run(SpringApplication.java:314) ~[spring-boot-1.5.2.RELEASE.jar:1.5.2.RELEASE]
	at org.springframework.boot.test.context.SpringBootContextLoader.loadContext(SpringBootContextLoader.java:120) ~[spring-boot-test-1.5.2.RELEASE.jar:1.5.2.RELEASE]
	at org.springframework.test.context.cache.DefaultCacheAwareContextLoaderDelegate.loadContextInternal(DefaultCacheAwareContextLoaderDelegate.java:98) ~[spring-test-4.3.7.RELEASE.jar:4.3.7.RELEASE]
	at org.springframework.test.context.cache.DefaultCacheAwareContextLoaderDelegate.loadContext(DefaultCacheAwareContextLoaderDelegate.java:116) ~[spring-test-4.3.7.RELEASE.jar:4.3.7.RELEASE]
	... 29 more
Caused by: org.hibernate.HibernateException: Access to DialectResolutionInfo cannot be null when 'hibernate.dialect' not set
	at org.hibernate.engine.jdbc.dialect.internal.DialectFactoryImpl.determineDialect(DialectFactoryImpl.java:100) ~[hibernate-core-5.0.12.Final.jar:5.0.12.Final]
	at org.hibernate.engine.jdbc.dialect.internal.DialectFactoryImpl.buildDialect(DialectFactoryImpl.java:54) ~[hibernate-core-5.0.12.Final.jar:5.0.12.Final]
	at org.hibernate.engine.jdbc.env.internal.JdbcEnvironmentInitiator.initiateService(JdbcEnvironmentInitiator.java:137) ~[hibernate-core-5.0.12.Final.jar:5.0.12.Final]
	at org.hibernate.engine.jdbc.env.internal.JdbcEnvironmentInitiator.initiateService(JdbcEnvironmentInitiator.java:35) ~[hibernate-core-5.0.12.Final.jar:5.0.12.Final]
	at org.hibernate.boot.registry.internal.StandardServiceRegistryImpl.initiateService(StandardServiceRegistryImpl.java:88) ~[hibernate-core-5.0.12.Final.jar:5.0.12.Final]
	at org.hibernate.service.internal.AbstractServiceRegistryImpl.createService(AbstractServiceRegistryImpl.java:254) ~[hibernate-core-5.0.12.Final.jar:5.0.12.Final]
	at org.hibernate.service.internal.AbstractServiceRegistryImpl.initializeService(AbstractServiceRegistryImpl.java:228) ~[hibernate-core-5.0.12.Final.jar:5.0.12.Final]
	at org.hibernate.service.internal.AbstractServiceRegistryImpl.getService(AbstractServiceRegistryImpl.java:207) ~[hibernate-core-5.0.12.Final.jar:5.0.12.Final]
	at org.hibernate.engine.jdbc.internal.JdbcServicesImpl.configure(JdbcServicesImpl.java:51) ~[hibernate-core-5.0.12.Final.jar:5.0.12.Final]
	at org.hibernate.boot.registry.internal.StandardServiceRegistryImpl.configureService(StandardServiceRegistryImpl.java:94) ~[hibernate-core-5.0.12.Final.jar:5.0.12.Final]
	at org.hibernate.service.internal.AbstractServiceRegistryImpl.initializeService(AbstractServiceRegistryImpl.java:237) ~[hibernate-core-5.0.12.Final.jar:5.0.12.Final]
	at org.hibernate.service.internal.AbstractServiceRegistryImpl.getService(AbstractServiceRegistryImpl.java:207) ~[hibernate-core-5.0.12.Final.jar:5.0.12.Final]
	at org.hibernate.boot.model.process.spi.MetadataBuildingProcess.handleTypes(MetadataBuildingProcess.java:352) ~[hibernate-core-5.0.12.Final.jar:5.0.12.Final]
	at org.hibernate.boot.model.process.spi.MetadataBuildingProcess.complete(MetadataBuildingProcess.java:111) ~[hibernate-core-5.0.12.Final.jar:5.0.12.Final]
	at org.hibernate.jpa.boot.internal.EntityManagerFactoryBuilderImpl.metadata(EntityManagerFactoryBuilderImpl.java:847) ~[hibernate-entitymanager-5.0.12.Final.jar:5.0.12.Final]
	at org.hibernate.jpa.boot.internal.EntityManagerFactoryBuilderImpl.build(EntityManagerFactoryBuilderImpl.java:874) ~[hibernate-entitymanager-5.0.12.Final.jar:5.0.12.Final]
	at org.springframework.orm.jpa.vendor.SpringHibernateJpaPersistenceProvider.createContainerEntityManagerFactory(SpringHibernateJpaPersistenceProvider.java:60) ~[spring-orm-4.3.7.RELEASE.jar:4.3.7.RELEASE]
	at org.springframework.orm.jpa.LocalContainerEntityManagerFactoryBean.createNativeEntityManagerFactory(LocalContainerEntityManagerFactoryBean.java:353) ~[spring-orm-4.3.7.RELEASE.jar:4.3.7.RELEASE]
	at org.springframework.orm.jpa.AbstractEntityManagerFactoryBean.buildNativeEntityManagerFactory(AbstractEntityManagerFactoryBean.java:370) ~[spring-orm-4.3.7.RELEASE.jar:4.3.7.RELEASE]
	at org.springframework.orm.jpa.AbstractEntityManagerFactoryBean.afterPropertiesSet(AbstractEntityManagerFactoryBean.java:359) ~[spring-orm-4.3.7.RELEASE.jar:4.3.7.RELEASE]
	at org.springframework.beans.factory.support.AbstractAutowireCapableBeanFactory.invokeInitMethods(AbstractAutowireCapableBeanFactory.java:1687) ~[spring-beans-4.3.7.RELEASE.jar:4.3.7.RELEASE]
	at org.springframework.beans.factory.support.AbstractAutowireCapableBeanFactory.initializeBean(AbstractAutowireCapableBeanFactory.java:1624) ~[spring-beans-4.3.7.RELEASE.jar:4.3.7.RELEASE]
	at org.springframework.beans.factory.support.AbstractAutowireCapableBeanFactory.doCreateBean(AbstractAutowireCapableBeanFactory.java:555) ~[spring-beans-4.3.7.RELEASE.jar:4.3.7.RELEASE]
	at org.springframework.beans.factory.support.AbstractAutowireCapableBeanFactory.createBean(AbstractAutowireCapableBeanFactory.java:483) ~[spring-beans-4.3.7.RELEASE.jar:4.3.7.RELEASE]
	at org.springframework.beans.factory.support.AbstractBeanFactory$1.getObject(AbstractBeanFactory.java:306) ~[spring-beans-4.3.7.RELEASE.jar:4.3.7.RELEASE]
	at org.springframework.beans.factory.support.DefaultSingletonBeanRegistry.getSingleton(DefaultSingletonBeanRegistry.java:230) ~[spring-beans-4.3.7.RELEASE.jar:4.3.7.RELEASE]
	at org.springframework.beans.factory.support.AbstractBeanFactory.doGetBean(AbstractBeanFactory.java:302) ~[spring-beans-4.3.7.RELEASE.jar:4.3.7.RELEASE]
	at org.springframework.beans.factory.support.AbstractBeanFactory.getBean(AbstractBeanFactory.java:197) ~[spring-beans-4.3.7.RELEASE.jar:4.3.7.RELEASE]
	at org.springframework.context.support.AbstractApplicationContext.getBean(AbstractApplicationContext.java:1081) ~[spring-context-4.3.7.RELEASE.jar:4.3.7.RELEASE]
	at org.springframework.context.support.AbstractApplicationContext.finishBeanFactoryInitialization(AbstractApplicationContext.java:856) ~[spring-context-4.3.7.RELEASE.jar:4.3.7.RELEASE]
	at org.springframework.context.support.AbstractApplicationContext.refresh(AbstractApplicationContext.java:542) ~[spring-context-4.3.7.RELEASE.jar:4.3.7.RELEASE]
	at org.springframework.boot.SpringApplication.refresh(SpringApplication.java:737) ~[spring-boot-1.5.2.RELEASE.jar:1.5.2.RELEASE]
	at org.springframework.boot.SpringApplication.refreshContext(SpringApplication.java:370) ~[spring-boot-1.5.2.RELEASE.jar:1.5.2.RELEASE]
	at org.springframework.boot.SpringApplication.run(SpringApplication.java:314) ~[spring-boot-1.5.2.RELEASE.jar:1.5.2.RELEASE]
	at org.springframework.boot.test.context.SpringBootContextLoader.loadContext(SpringBootContextLoader.java:120) ~[spring-boot-test-1.5.2.RELEASE.jar:1.5.2.RELEASE]
	at org.springframework.test.context.cache.DefaultCacheAwareContextLoaderDelegate.loadContextInternal(DefaultCacheAwareContextLoaderDelegate.java:98) ~[spring-test-4.3.7.RELEASE.jar:4.3.7.RELEASE]
	at org.springframework.test.context.cache.DefaultCacheAwareContextLoaderDelegate.loadContext(DefaultCacheAwareContextLoaderDelegate.java:116) ~[spring-test-4.3.7.RELEASE.jar:4.3.7.RELEASE]
	... 29 more
